
                            < M A T L A B (R) >
                  Copyright 1984-2020 The MathWorks, Inc.
              R2020a Update 2 (9.8.0.1380330) 64-bit (glnxa64)
                                May 5, 2020

 
To get started, type doc.
For product information, visit www.mathworks.com.
 
[Warning: Column headers from the file were modified to make them valid MATLAB
identifiers before creating variable names for the table. The original column
headers are saved in the VariableDescriptions property.
Set 'PreserveVariableNames' to true to use the original column headers as table
variable names.] 
Training on single GPU.
Initializing input data normalization.
|======================================================================================================================|
|  Epoch  |  Iteration  |  Time Elapsed  |  Mini-batch  |  Validation  |  Mini-batch  |  Validation  |  Base Learning  |
|         |             |   (hh:mm:ss)   |   Accuracy   |   Accuracy   |     Loss     |     Loss     |      Rate       |
|======================================================================================================================|
|       1 |           1 |       00:00:03 |       75.00% |       50.00% |       0.6423 |       0.7113 |      1.0000e-04 |
|       1 |          30 |       00:00:32 |       75.00% |       55.88% |       0.5894 |       0.7100 |      1.0000e-04 |
|       1 |          50 |       00:00:49 |       50.00% |              |       0.5915 |              |      1.0000e-04 |
|       1 |          60 |       00:00:59 |      100.00% |       60.29% |       0.4099 |       0.6551 |      1.0000e-04 |
|       2 |          90 |       00:01:28 |      100.00% |       61.76% |       0.2619 |       0.6120 |      1.0000e-04 |
|       2 |         100 |       00:01:38 |      100.00% |              |       0.2476 |              |      1.0000e-04 |
|       2 |         120 |       00:01:58 |      100.00% |       70.59% |       0.2376 |       0.5752 |      1.0000e-04 |
|       3 |         150 |       00:02:28 |      100.00% |       67.65% |       0.1268 |       0.5686 |      1.0000e-04 |
|       3 |         180 |       00:02:58 |      100.00% |       67.65% |       0.1494 |       0.5547 |      1.0000e-04 |
|       3 |         200 |       00:03:17 |      100.00% |              |       0.1146 |              |      1.0000e-04 |
|       3 |         210 |       00:03:29 |      100.00% |       69.12% |       0.1618 |       0.5243 |      1.0000e-04 |
|       4 |         240 |       00:03:59 |      100.00% |       70.59% |       0.0704 |       0.5251 |      1.0000e-04 |
|       4 |         250 |       00:04:08 |      100.00% |              |       0.1014 |              |      1.0000e-04 |
|       4 |         270 |       00:04:29 |      100.00% |       75.00% |       0.0761 |       0.5003 |      1.0000e-04 |
|       5 |         300 |       00:04:59 |      100.00% |       70.59% |       0.0621 |       0.5206 |      1.0000e-04 |
|       5 |         330 |       00:05:29 |      100.00% |       70.59% |       0.0649 |       0.5057 |      1.0000e-04 |
|       5 |         350 |       00:05:47 |      100.00% |              |       0.0679 |              |      1.0000e-04 |
|       6 |         360 |       00:05:59 |      100.00% |       72.06% |       0.0548 |       0.4954 |      1.0000e-04 |
|       6 |         390 |       00:06:29 |      100.00% |       73.53% |       0.0542 |       0.5012 |      1.0000e-04 |
|       6 |         400 |       00:06:38 |      100.00% |              |       0.0457 |              |      1.0000e-04 |
|       6 |         420 |       00:06:59 |      100.00% |       75.00% |       0.0514 |       0.4856 |      1.0000e-04 |
|       7 |         450 |       00:07:30 |      100.00% |       72.06% |       0.0284 |       0.4935 |      1.0000e-04 |
|       7 |         480 |       00:08:00 |      100.00% |       75.00% |       0.0307 |       0.4830 |      1.0000e-04 |
|       8 |         500 |       00:08:19 |      100.00% |              |       0.0271 |              |      1.0000e-04 |
|       8 |         510 |       00:08:29 |      100.00% |       72.06% |       0.0246 |       0.4835 |      1.0000e-04 |
|       8 |         540 |       00:08:59 |      100.00% |       73.53% |       0.0253 |       0.4864 |      1.0000e-04 |
|       8 |         550 |       00:09:08 |      100.00% |              |       0.0244 |              |      1.0000e-04 |
|       9 |         570 |       00:09:30 |      100.00% |       75.00% |       0.0215 |       0.4796 |      1.0000e-04 |
|       9 |         600 |       00:10:00 |      100.00% |       75.00% |       0.0261 |       0.4827 |      1.0000e-04 |
|       9 |         630 |       00:10:30 |      100.00% |       75.00% |       0.0324 |       0.4748 |      1.0000e-04 |
|      10 |         650 |       00:10:48 |      100.00% |              |       0.0153 |              |      1.0000e-04 |
|      10 |         660 |       00:11:00 |      100.00% |       75.00% |       0.0158 |       0.4768 |      1.0000e-04 |
|      10 |         690 |       00:11:31 |      100.00% |       75.00% |       0.0161 |       0.4762 |      1.0000e-04 |
|      10 |         700 |       00:11:40 |      100.00% |              |       0.0281 |              |      1.0000e-04 |
|      11 |         720 |       00:12:00 |      100.00% |       75.00% |       0.0128 |       0.4735 |      1.0000e-04 |
|      11 |         750 |       00:12:29 |      100.00% |       75.00% |       0.0145 |       0.4786 |      1.0000e-04 |
|      12 |         780 |       00:13:00 |      100.00% |       75.00% |       0.0126 |       0.4721 |      1.0000e-04 |
|      12 |         800 |       00:13:18 |      100.00% |              |       0.0117 |              |      1.0000e-04 |
|      12 |         810 |       00:13:30 |      100.00% |       75.00% |       0.0157 |       0.4748 |      1.0000e-04 |
|      12 |         840 |       00:14:00 |      100.00% |       75.00% |       0.0216 |       0.4708 |      1.0000e-04 |
|      13 |         850 |       00:14:09 |      100.00% |              |       0.0110 |              |      1.0000e-04 |
|      13 |         870 |       00:14:30 |      100.00% |       75.00% |       0.0103 |       0.4719 |      1.0000e-04 |
|      13 |         900 |       00:15:00 |      100.00% |       75.00% |       0.0103 |       0.4721 |      1.0000e-04 |
|      14 |         930 |       00:15:31 |      100.00% |       75.00% |       0.0083 |       0.4712 |      1.0000e-04 |
|      14 |         950 |       00:15:50 |      100.00% |              |       0.0123 |              |      1.0000e-04 |
|      14 |         960 |       00:16:01 |      100.00% |       75.00% |       0.0098 |       0.4754 |      1.0000e-04 |
|      15 |         990 |       00:16:31 |      100.00% |       75.00% |       0.0086 |       0.4704 |      1.0000e-04 |
|      15 |        1000 |       00:16:41 |      100.00% |              |       0.0074 |              |      1.0000e-04 |
|      15 |        1020 |       00:17:01 |      100.00% |       75.00% |       0.0110 |       0.4725 |      1.0000e-04 |
|      15 |        1050 |       00:17:32 |      100.00% |       75.00% |       0.0158 |       0.4704 |      1.0000e-04 |
|      16 |        1080 |       00:18:01 |      100.00% |       75.00% |       0.0074 |       0.4714 |      1.0000e-04 |
|      16 |        1100 |       00:18:19 |      100.00% |              |       0.0080 |              |      1.0000e-04 |
|      16 |        1110 |       00:18:31 |      100.00% |       75.00% |       0.0074 |       0.4721 |      1.0000e-04 |
|      17 |        1140 |       00:19:00 |      100.00% |       75.00% |       0.0060 |       0.4708 |      1.0000e-04 |
|      17 |        1150 |       00:19:09 |      100.00% |              |       0.0068 |              |      1.0000e-04 |
|      17 |        1170 |       00:19:30 |      100.00% |       75.00% |       0.0073 |       0.4748 |      1.0000e-04 |
|      18 |        1200 |       00:19:59 |      100.00% |       75.00% |       0.0065 |       0.4713 |      1.0000e-04 |
|      18 |        1230 |       00:20:29 |      100.00% |       76.47% |       0.0083 |       0.4729 |      1.0000e-04 |
|      18 |        1250 |       00:20:48 |      100.00% |              |       0.0062 |              |      1.0000e-04 |
|      18 |        1260 |       00:20:59 |      100.00% |       75.00% |       0.0124 |       0.4719 |      1.0000e-04 |
|      19 |        1290 |       00:21:29 |      100.00% |       76.47% |       0.0057 |       0.4723 |      1.0000e-04 |
|      19 |        1300 |       00:21:38 |      100.00% |              |       0.0077 |              |      1.0000e-04 |
|      19 |        1320 |       00:21:59 |      100.00% |       76.47% |       0.0058 |       0.4734 |      1.0000e-04 |
|      20 |        1350 |       00:22:29 |      100.00% |       76.47% |       0.0046 |       0.4720 |      1.0000e-04 |
|      20 |        1380 |       00:22:59 |      100.00% |       76.47% |       0.0058 |       0.4753 |      1.0000e-04 |
|      20 |        1400 |       00:23:17 |      100.00% |              |       0.0108 |              |      1.0000e-04 |
|      21 |        1410 |       00:23:28 |      100.00% |       76.47% |       0.0051 |       0.4732 |      1.0000e-04 |
|      21 |        1440 |       00:23:59 |      100.00% |       76.47% |       0.0066 |       0.4741 |      1.0000e-04 |
|      21 |        1450 |       00:24:08 |      100.00% |              |       0.0054 |              |      1.0000e-04 |
|      21 |        1470 |       00:24:29 |      100.00% |       76.47% |       0.0102 |       0.4737 |      1.0000e-04 |
|      22 |        1500 |       00:24:59 |      100.00% |       76.47% |       0.0046 |       0.4738 |      1.0000e-04 |
|      22 |        1530 |       00:25:28 |      100.00% |       76.47% |       0.0047 |       0.4747 |      1.0000e-04 |
|      23 |        1550 |       00:25:45 |      100.00% |              |       0.0045 |              |      1.0000e-04 |
|      23 |        1560 |       00:25:56 |      100.00% |       76.47% |       0.0037 |       0.4739 |      1.0000e-04 |
|      23 |        1590 |       00:26:24 |      100.00% |       76.47% |       0.0048 |       0.4764 |      1.0000e-04 |
|      23 |        1600 |       00:26:33 |      100.00% |              |       0.0044 |              |      1.0000e-04 |
|      24 |        1620 |       00:26:52 |      100.00% |       76.47% |       0.0042 |       0.4750 |      1.0000e-04 |
|      24 |        1650 |       00:27:22 |      100.00% |       76.47% |       0.0055 |       0.4755 |      1.0000e-04 |
|      24 |        1680 |       00:27:52 |      100.00% |       76.47% |       0.0086 |       0.4754 |      1.0000e-04 |
|      25 |        1700 |       00:28:11 |      100.00% |              |       0.0032 |              |      1.0000e-04 |
|      25 |        1710 |       00:28:23 |      100.00% |       76.47% |       0.0039 |       0.4755 |      1.0000e-04 |
|      25 |        1740 |       00:28:53 |      100.00% |       76.47% |       0.0039 |       0.4764 |      1.0000e-04 |
|      25 |        1750 |       00:29:03 |      100.00% |              |       0.0082 |              |      1.0000e-04 |
|      26 |        1770 |       00:29:24 |      100.00% |       76.47% |       0.0030 |       0.4758 |      1.0000e-04 |
|      26 |        1800 |       00:29:54 |      100.00% |       76.47% |       0.0040 |       0.4779 |      1.0000e-04 |
|      27 |        1830 |       00:30:24 |      100.00% |       76.47% |       0.0035 |       0.4770 |      1.0000e-04 |
|      27 |        1850 |       00:30:43 |      100.00% |              |       0.0035 |              |      1.0000e-04 |
|      27 |        1860 |       00:30:54 |      100.00% |       76.47% |       0.0046 |       0.4772 |      1.0000e-04 |
|      27 |        1890 |       00:31:25 |      100.00% |       76.47% |       0.0075 |       0.4773 |      1.0000e-04 |
|      28 |        1900 |       00:31:34 |      100.00% |              |       0.0034 |              |      1.0000e-04 |
|      28 |        1920 |       00:31:55 |      100.00% |       76.47% |       0.0033 |       0.4773 |      1.0000e-04 |
|      28 |        1950 |       00:32:25 |      100.00% |       76.47% |       0.0033 |       0.4781 |      1.0000e-04 |
|      29 |        1980 |       00:32:55 |      100.00% |       76.47% |       0.0026 |       0.4778 |      1.0000e-04 |
|      29 |        2000 |       00:33:14 |      100.00% |              |       0.0042 |              |      1.0000e-04 |
|      29 |        2010 |       00:33:26 |      100.00% |       76.47% |       0.0034 |       0.4794 |      1.0000e-04 |
|      30 |        2040 |       00:33:56 |      100.00% |       76.47% |       0.0031 |       0.4788 |      1.0000e-04 |
|      30 |        2050 |       00:34:05 |      100.00% |              |       0.0024 |              |      1.0000e-04 |
|      30 |        2070 |       00:34:26 |      100.00% |       76.47% |       0.0040 |       0.4790 |      1.0000e-04 |
|      30 |        2100 |       00:34:56 |      100.00% |       76.47% |       0.0066 |       0.4790 |      1.0000e-04 |
|      31 |        2130 |       00:35:26 |      100.00% |       76.47% |       0.0029 |       0.4793 |      1.0000e-04 |
|      31 |        2150 |       00:35:45 |      100.00% |              |       0.0031 |              |      1.0000e-04 |
|      31 |        2160 |       00:35:57 |      100.00% |       76.47% |       0.0029 |       0.4797 |      1.0000e-04 |
|      32 |        2190 |       00:36:26 |      100.00% |       76.47% |       0.0022 |       0.4797 |      1.0000e-04 |
|      32 |        2200 |       00:36:35 |      100.00% |              |       0.0028 |              |      1.0000e-04 |
|      32 |        2220 |       00:36:56 |      100.00% |       76.47% |       0.0030 |       0.4810 |      1.0000e-04 |
|      33 |        2250 |       00:37:25 |      100.00% |       76.47% |       0.0027 |       0.4806 |      1.0000e-04 |
|      33 |        2280 |       00:37:55 |      100.00% |       76.47% |       0.0035 |       0.4808 |      1.0000e-04 |
|      33 |        2300 |       00:38:14 |      100.00% |              |       0.0027 |              |      1.0000e-04 |
|      33 |        2310 |       00:38:25 |      100.00% |       76.47% |       0.0059 |       0.4808 |      1.0000e-04 |
|      34 |        2340 |       00:38:55 |      100.00% |       76.47% |       0.0025 |       0.4812 |      1.0000e-04 |
|      34 |        2350 |       00:39:04 |      100.00% |              |       0.0034 |              |      1.0000e-04 |
|      34 |        2370 |       00:39:25 |      100.00% |       76.47% |       0.0026 |       0.4815 |      1.0000e-04 |
|      35 |        2400 |       00:39:55 |      100.00% |       76.47% |       0.0019 |       0.4815 |      1.0000e-04 |
|      35 |        2430 |       00:40:25 |      100.00% |       76.47% |       0.0027 |       0.4828 |      1.0000e-04 |
|      35 |        2450 |       00:40:43 |      100.00% |              |       0.0055 |              |      1.0000e-04 |
|      36 |        2460 |       00:40:55 |      100.00% |       76.47% |       0.0024 |       0.4823 |      1.0000e-04 |
|      36 |        2490 |       00:41:25 |      100.00% |       76.47% |       0.0031 |       0.4827 |      1.0000e-04 |
|      36 |        2500 |       00:41:34 |      100.00% |              |       0.0026 |              |      1.0000e-04 |
|      36 |        2520 |       00:41:55 |      100.00% |       76.47% |       0.0054 |       0.4826 |      1.0000e-04 |
|      37 |        2550 |       00:42:25 |      100.00% |       76.47% |       0.0023 |       0.4829 |      1.0000e-04 |
|      37 |        2580 |       00:42:55 |      100.00% |       76.47% |       0.0023 |       0.4833 |      1.0000e-04 |
|      38 |        2600 |       00:43:14 |      100.00% |              |       0.0022 |              |      1.0000e-04 |
|      38 |        2610 |       00:43:25 |      100.00% |       76.47% |       0.0017 |       0.4833 |      1.0000e-04 |
|      38 |        2640 |       00:43:56 |      100.00% |       76.47% |       0.0024 |       0.4845 |      1.0000e-04 |
|      38 |        2650 |       00:44:05 |      100.00% |              |       0.0022 |              |      1.0000e-04 |
|      39 |        2670 |       00:44:26 |      100.00% |       76.47% |       0.0021 |       0.4841 |      1.0000e-04 |
|      39 |        2700 |       00:44:56 |      100.00% |       76.47% |       0.0028 |       0.4845 |      1.0000e-04 |
|      39 |        2730 |       00:45:26 |      100.00% |       76.47% |       0.0049 |       0.4845 |      1.0000e-04 |
|      40 |        2750 |       00:45:45 |      100.00% |              |       0.0016 |              |      1.0000e-04 |
|      40 |        2760 |       00:45:57 |      100.00% |       76.47% |       0.0020 |       0.4847 |      1.0000e-04 |
|      40 |        2790 |       00:46:27 |      100.00% |       76.47% |       0.0021 |       0.4852 |      1.0000e-04 |
|      40 |        2800 |       00:46:36 |      100.00% |              |       0.0047 |              |      1.0000e-04 |
|      41 |        2820 |       00:46:57 |      100.00% |       76.47% |       0.0015 |       0.4851 |      1.0000e-04 |
|      41 |        2850 |       00:47:27 |      100.00% |       76.47% |       0.0021 |       0.4863 |      1.0000e-04 |
|      42 |        2880 |       00:47:56 |      100.00% |       76.47% |       0.0019 |       0.4859 |      1.0000e-04 |
|      42 |        2900 |       00:48:14 |      100.00% |              |       0.0019 |              |      1.0000e-04 |
|      42 |        2910 |       00:48:26 |      100.00% |       76.47% |       0.0025 |       0.4863 |      1.0000e-04 |
|      42 |        2940 |       00:48:56 |      100.00% |       76.47% |       0.0045 |       0.4863 |      1.0000e-04 |
|      43 |        2950 |       00:49:05 |      100.00% |              |       0.0018 |              |      1.0000e-04 |
|      43 |        2970 |       00:49:27 |      100.00% |       76.47% |       0.0019 |       0.4865 |      1.0000e-04 |
|      43 |        3000 |       00:49:57 |      100.00% |       76.47% |       0.0019 |       0.4870 |      1.0000e-04 |
|      44 |        3030 |       00:50:27 |      100.00% |       76.47% |       0.0014 |       0.4869 |      1.0000e-04 |
|      44 |        3050 |       00:50:45 |      100.00% |              |       0.0024 |              |      1.0000e-04 |
|      44 |        3060 |       00:50:56 |      100.00% |       76.47% |       0.0019 |       0.4880 |      1.0000e-04 |
|      45 |        3090 |       00:51:27 |      100.00% |       76.47% |       0.0017 |       0.4877 |      1.0000e-04 |
|      45 |        3100 |       00:51:36 |      100.00% |              |       0.0013 |              |      1.0000e-04 |
|      45 |        3120 |       00:51:57 |      100.00% |       76.47% |       0.0023 |       0.4880 |      1.0000e-04 |
|      45 |        3150 |       00:52:27 |      100.00% |       76.47% |       0.0041 |       0.4881 |      1.0000e-04 |
|      46 |        3180 |       00:52:57 |      100.00% |       76.47% |       0.0017 |       0.4883 |      1.0000e-04 |
|      46 |        3200 |       00:53:16 |      100.00% |              |       0.0018 |              |      1.0000e-04 |
|      46 |        3210 |       00:53:27 |      100.00% |       76.47% |       0.0017 |       0.4887 |      1.0000e-04 |
|      47 |        3240 |       00:53:57 |      100.00% |       76.47% |       0.0012 |       0.4887 |      1.0000e-04 |
|      47 |        3250 |       00:54:06 |      100.00% |              |       0.0017 |              |      1.0000e-04 |
|      47 |        3270 |       00:54:27 |      100.00% |       76.47% |       0.0018 |       0.4897 |      1.0000e-04 |
|      48 |        3300 |       00:54:57 |      100.00% |       76.47% |       0.0016 |       0.4894 |      1.0000e-04 |
|      48 |        3330 |       00:55:27 |      100.00% |       76.47% |       0.0021 |       0.4897 |      1.0000e-04 |
|      48 |        3350 |       00:55:45 |      100.00% |              |       0.0016 |              |      1.0000e-04 |
|      48 |        3360 |       00:55:56 |      100.00% |       76.47% |       0.0038 |       0.4898 |      1.0000e-04 |
|      49 |        3390 |       00:56:26 |      100.00% |       76.47% |       0.0016 |       0.4899 |      1.0000e-04 |
|      49 |        3400 |       00:56:35 |      100.00% |              |       0.0020 |              |      1.0000e-04 |
|      49 |        3420 |       00:56:56 |      100.00% |       76.47% |       0.0016 |       0.4904 |      1.0000e-04 |
|      50 |        3450 |       00:57:27 |      100.00% |       76.47% |       0.0011 |       0.4903 |      1.0000e-04 |
|      50 |        3480 |       00:57:57 |      100.00% |       76.47% |       0.0016 |       0.4913 |      1.0000e-04 |
|      50 |        3500 |       00:58:10 |      100.00% |              |       0.0037 |              |      1.0000e-04 |
|      51 |        3510 |       00:58:18 |      100.00% |       76.47% |       0.0014 |       0.4910 |      1.0000e-04 |
|      51 |        3540 |       00:58:37 |      100.00% |       76.47% |       0.0019 |       0.4913 |      1.0000e-04 |
|      51 |        3550 |       00:58:43 |      100.00% |              |       0.0016 |              |      1.0000e-04 |
|      51 |        3570 |       00:58:57 |      100.00% |       76.47% |       0.0036 |       0.4914 |      1.0000e-04 |
|      52 |        3600 |       00:59:17 |      100.00% |       76.47% |       0.0014 |       0.4916 |      1.0000e-04 |
|      52 |        3630 |       00:59:36 |      100.00% |       76.47% |       0.0015 |       0.4920 |      1.0000e-04 |
|      53 |        3650 |       00:59:48 |      100.00% |              |       0.0014 |              |      1.0000e-04 |
|      53 |        3660 |       00:59:56 |      100.00% |       76.47% |       0.0010 |       0.4919 |      1.0000e-04 |
|      53 |        3690 |       01:00:15 |      100.00% |       76.47% |       0.0015 |       0.4929 |      1.0000e-04 |
|      53 |        3700 |       01:00:21 |      100.00% |              |       0.0014 |              |      1.0000e-04 |
|      54 |        3720 |       01:00:35 |      100.00% |       76.47% |       0.0013 |       0.4927 |      1.0000e-04 |
|      54 |        3750 |       01:00:54 |      100.00% |       76.47% |       0.0018 |       0.4930 |      1.0000e-04 |
|      54 |        3780 |       01:01:14 |      100.00% |       76.47% |       0.0033 |       0.4930 |      1.0000e-04 |
|      55 |        3800 |       01:01:26 |      100.00% |              |       0.0010 |              |      1.0000e-04 |
|      55 |        3810 |       01:01:33 |      100.00% |       76.47% |       0.0013 |       0.4932 |      1.0000e-04 |
|      55 |        3840 |       01:01:53 |      100.00% |       76.47% |       0.0014 |       0.4936 |      1.0000e-04 |
|      55 |        3850 |       01:01:59 |      100.00% |              |       0.0033 |              |      1.0000e-04 |
|      56 |        3870 |       01:02:12 |      100.00% |       76.47% |       0.0009 |       0.4936 |      1.0000e-04 |
|      56 |        3900 |       01:02:32 |      100.00% |       76.47% |       0.0014 |       0.4945 |      1.0000e-04 |
|      57 |        3930 |       01:02:52 |      100.00% |       76.47% |       0.0012 |       0.4943 |      1.0000e-04 |
|      57 |        3950 |       01:03:04 |      100.00% |              |       0.0013 |              |      1.0000e-04 |
|      57 |        3960 |       01:03:11 |      100.00% |       76.47% |       0.0017 |       0.4946 |      1.0000e-04 |
|      57 |        3990 |       01:03:31 |      100.00% |       76.47% |       0.0031 |       0.4947 |      1.0000e-04 |
|      58 |        4000 |       01:03:37 |      100.00% |              |       0.0012 |              |      1.0000e-04 |
|      58 |        4020 |       01:03:50 |      100.00% |       76.47% |       0.0013 |       0.4948 |      1.0000e-04 |
|      58 |        4050 |       01:04:10 |      100.00% |       76.47% |       0.0013 |       0.4952 |      1.0000e-04 |
|      59 |        4080 |       01:04:29 |      100.00% |       76.47% |       0.0009 |       0.4952 |      1.0000e-04 |
|      59 |        4100 |       01:04:42 |      100.00% |              |       0.0016 |              |      1.0000e-04 |
|      59 |        4110 |       01:04:49 |      100.00% |       76.47% |       0.0013 |       0.4960 |      1.0000e-04 |
|      60 |        4140 |       01:05:09 |      100.00% |       76.47% |       0.0012 |       0.4959 |      1.0000e-04 |
|      60 |        4150 |       01:05:15 |      100.00% |              |       0.0009 |              |      1.0000e-04 |
|      60 |        4170 |       01:05:28 |      100.00% |       76.47% |       0.0016 |       0.4961 |      1.0000e-04 |
|      60 |        4200 |       01:05:48 |      100.00% |       76.47% |       0.0030 |       0.4962 |      1.0000e-04 |
|      61 |        4230 |       01:06:08 |      100.00% |       76.47% |       0.0012 |       0.4964 |      1.0000e-04 |
|      61 |        4250 |       01:06:20 |      100.00% |              |       0.0013 |              |      1.0000e-04 |
|      61 |        4260 |       01:06:27 |      100.00% |       76.47% |       0.0012 |       0.4967 |      1.0000e-04 |
|      62 |        4290 |       01:06:47 |      100.00% |       76.47% |       0.0008 |       0.4968 |      1.0000e-04 |
|      62 |        4300 |       01:06:53 |      100.00% |              |       0.0011 |              |      1.0000e-04 |
|      62 |        4320 |       01:07:06 |      100.00% |       76.47% |       0.0012 |       0.4975 |      1.0000e-04 |
|      63 |        4350 |       01:07:26 |      100.00% |       76.47% |       0.0011 |       0.4974 |      1.0000e-04 |
|      63 |        4380 |       01:07:45 |      100.00% |       76.47% |       0.0015 |       0.4976 |      1.0000e-04 |
|      63 |        4400 |       01:07:59 |      100.00% |              |       0.0011 |              |      1.0000e-04 |
|      63 |        4410 |       01:08:06 |      100.00% |       76.47% |       0.0028 |       0.4977 |      1.0000e-04 |
|      64 |        4440 |       01:08:26 |      100.00% |       76.47% |       0.0011 |       0.4979 |      1.0000e-04 |
|      64 |        4450 |       01:08:32 |      100.00% |              |       0.0014 |              |      1.0000e-04 |
|      64 |        4470 |       01:08:46 |      100.00% |       76.47% |       0.0011 |       0.4982 |      1.0000e-04 |
|      65 |        4500 |       01:09:06 |      100.00% |       76.47% |       0.0008 |       0.4983 |      1.0000e-04 |
|      65 |        4530 |       01:09:27 |      100.00% |       76.47% |       0.0012 |       0.4990 |      1.0000e-04 |
|      65 |        4550 |       01:09:40 |      100.00% |              |       0.0027 |              |      1.0000e-04 |
|      66 |        4560 |       01:09:48 |      100.00% |       76.47% |       0.0010 |       0.4989 |      1.0000e-04 |
|      66 |        4590 |       01:10:07 |      100.00% |       76.47% |       0.0014 |       0.4991 |      1.0000e-04 |
|      66 |        4600 |       01:10:14 |      100.00% |              |       0.0011 |              |      1.0000e-04 |
|      66 |        4620 |       01:10:28 |      100.00% |       76.47% |       0.0027 |       0.4991 |      1.0000e-04 |
|      67 |        4650 |       01:10:48 |      100.00% |       76.47% |       0.0010 |       0.4994 |      1.0000e-04 |
|      67 |        4680 |       01:11:07 |      100.00% |       76.47% |       0.0011 |       0.4996 |      1.0000e-04 |
|      68 |        4700 |       01:11:20 |      100.00% |              |       0.0010 |              |      1.0000e-04 |
|      68 |        4710 |       01:11:27 |      100.00% |       76.47% |       0.0007 |       0.4997 |      1.0000e-04 |
|      68 |        4740 |       01:11:47 |      100.00% |       76.47% |       0.0011 |       0.5004 |      1.0000e-04 |
|      68 |        4750 |       01:11:53 |      100.00% |              |       0.0010 |              |      1.0000e-04 |
|      69 |        4770 |       01:12:07 |      100.00% |       76.47% |       0.0010 |       0.5003 |      1.0000e-04 |
|      69 |        4800 |       01:12:27 |      100.00% |       76.47% |       0.0013 |       0.5005 |      1.0000e-04 |
|      69 |        4830 |       01:12:46 |      100.00% |       76.47% |       0.0025 |       0.5006 |      1.0000e-04 |
|      70 |        4850 |       01:12:59 |      100.00% |              |       0.0007 |              |      1.0000e-04 |
|      70 |        4860 |       01:13:06 |      100.00% |       76.47% |       0.0010 |       0.5008 |      1.0000e-04 |
|      70 |        4890 |       01:13:26 |      100.00% |       76.47% |       0.0010 |       0.5010 |      1.0000e-04 |
|      70 |        4900 |       01:13:32 |      100.00% |              |       0.0025 |              |      1.0000e-04 |
|      71 |        4920 |       01:13:45 |      100.00% |       76.47% |       0.0007 |       0.5011 |      1.0000e-04 |
|      71 |        4950 |       01:14:06 |      100.00% |       76.47% |       0.0010 |       0.5017 |      1.0000e-04 |
|      72 |        4980 |       01:14:25 |      100.00% |       76.47% |       0.0009 |       0.5017 |      1.0000e-04 |
|      72 |        5000 |       01:14:38 |      100.00% |              |       0.0009 |              |      1.0000e-04 |
|      72 |        5010 |       01:14:45 |      100.00% |       76.47% |       0.0012 |       0.5019 |      1.0000e-04 |
|      72 |        5040 |       01:15:04 |      100.00% |       76.47% |       0.0024 |       0.5019 |      1.0000e-04 |
|      73 |        5050 |       01:15:11 |      100.00% |              |       0.0009 |              |      1.0000e-04 |
|      73 |        5070 |       01:15:24 |      100.00% |       76.47% |       0.0009 |       0.5022 |      1.0000e-04 |
|      73 |        5100 |       01:15:44 |      100.00% |       76.47% |       0.0010 |       0.5024 |      1.0000e-04 |
|      74 |        5130 |       01:16:03 |      100.00% |       76.47% |       0.0006 |       0.5025 |      1.0000e-04 |
|      74 |        5150 |       01:16:16 |      100.00% |              |       0.0012 |              |      1.0000e-04 |
|      74 |        5160 |       01:16:23 |      100.00% |       76.47% |       0.0010 |       0.5031 |      1.0000e-04 |
|      75 |        5190 |       01:16:43 |      100.00% |       76.47% |       0.0009 |       0.5031 |      1.0000e-04 |
|      75 |        5200 |       01:16:49 |      100.00% |              |       0.0006 |              |      1.0000e-04 |
|      75 |        5220 |       01:17:03 |      100.00% |       76.47% |       0.0012 |       0.5033 |      1.0000e-04 |
|      75 |        5250 |       01:17:22 |      100.00% |       76.47% |       0.0023 |       0.5033 |      1.0000e-04 |
|      76 |        5280 |       01:17:42 |      100.00% |       76.47% |       0.0009 |       0.5036 |      1.0000e-04 |
|      76 |        5300 |       01:17:54 |      100.00% |              |       0.0009 |              |      1.0000e-04 |
|      76 |        5310 |       01:18:02 |      100.00% |       76.47% |       0.0009 |       0.5038 |      1.0000e-04 |
|      77 |        5340 |       01:18:21 |      100.00% |       76.47% |       0.0006 |       0.5039 |      1.0000e-04 |
|      77 |        5350 |       01:18:28 |      100.00% |              |       0.0009 |              |      1.0000e-04 |
|      77 |        5370 |       01:18:41 |      100.00% |       76.47% |       0.0009 |       0.5045 |      1.0000e-04 |
|      78 |        5400 |       01:19:01 |      100.00% |       76.47% |       0.0008 |       0.5044 |      1.0000e-04 |
|      78 |        5430 |       01:19:21 |      100.00% |       76.47% |       0.0011 |       0.5047 |      1.0000e-04 |
|      78 |        5450 |       01:19:33 |      100.00% |              |       0.0009 |              |      1.0000e-04 |
|      78 |        5460 |       01:19:40 |      100.00% |       76.47% |       0.0022 |       0.5047 |      1.0000e-04 |
|      79 |        5490 |       01:20:02 |      100.00% |       76.47% |       0.0008 |       0.5049 |      1.0000e-04 |
|      79 |        5500 |       01:20:09 |      100.00% |              |       0.0011 |              |      1.0000e-04 |
|      79 |        5520 |       01:20:23 |      100.00% |       76.47% |       0.0009 |       0.5052 |      1.0000e-04 |
|      80 |        5550 |       01:20:45 |      100.00% |       76.47% |       0.0006 |       0.5052 |      1.0000e-04 |
|      80 |        5580 |       01:21:07 |      100.00% |       76.47% |       0.0009 |       0.5058 |      1.0000e-04 |
|      80 |        5600 |       01:21:19 |      100.00% |              |       0.0021 |              |      1.0000e-04 |
|      81 |        5610 |       01:21:26 |      100.00% |       76.47% |       0.0008 |       0.5058 |      1.0000e-04 |
|      81 |        5640 |       01:21:46 |      100.00% |       76.47% |       0.0010 |       0.5060 |      1.0000e-04 |
|      81 |        5650 |       01:21:52 |      100.00% |              |       0.0009 |              |      1.0000e-04 |
|      81 |        5670 |       01:22:05 |      100.00% |       76.47% |       0.0021 |       0.5060 |      1.0000e-04 |
|      82 |        5700 |       01:22:25 |      100.00% |       76.47% |       0.0008 |       0.5062 |      1.0000e-04 |
|      82 |        5730 |       01:22:45 |      100.00% |       76.47% |       0.0008 |       0.5064 |      1.0000e-04 |
|      83 |        5750 |       01:22:57 |      100.00% |              |       0.0007 |              |      1.0000e-04 |
|      83 |        5760 |       01:23:05 |      100.00% |       76.47% |       0.0005 |       0.5065 |      1.0000e-04 |
|      83 |        5790 |       01:23:24 |      100.00% |       76.47% |       0.0008 |       0.5071 |      1.0000e-04 |
|      83 |        5800 |       01:23:31 |      100.00% |              |       0.0008 |              |      1.0000e-04 |
|      84 |        5820 |       01:23:44 |      100.00% |       76.47% |       0.0007 |       0.5070 |      1.0000e-04 |
|      84 |        5850 |       01:24:04 |      100.00% |       76.47% |       0.0010 |       0.5073 |      1.0000e-04 |
|      84 |        5880 |       01:24:24 |      100.00% |       76.47% |       0.0020 |       0.5073 |      1.0000e-04 |
|      85 |        5900 |       01:24:36 |      100.00% |              |       0.0005 |              |      1.0000e-04 |
|      85 |        5910 |       01:24:43 |      100.00% |       76.47% |       0.0008 |       0.5075 |      1.0000e-04 |
|      85 |        5940 |       01:25:03 |      100.00% |       76.47% |       0.0008 |       0.5077 |      1.0000e-04 |
|      85 |        5950 |       01:25:10 |      100.00% |              |       0.0020 |              |      1.0000e-04 |
|      86 |        5970 |       01:25:23 |      100.00% |       76.47% |       0.0005 |       0.5078 |      1.0000e-04 |
|      86 |        6000 |       01:25:43 |      100.00% |       76.47% |       0.0008 |       0.5083 |      1.0000e-04 |
|      87 |        6030 |       01:26:02 |      100.00% |       76.47% |       0.0007 |       0.5083 |      1.0000e-04 |
|      87 |        6050 |       01:26:15 |      100.00% |              |       0.0007 |              |      1.0000e-04 |
|      87 |        6060 |       01:26:22 |      100.00% |       76.47% |       0.0010 |       0.5085 |      1.0000e-04 |
|      87 |        6090 |       01:26:42 |      100.00% |       76.47% |       0.0019 |       0.5086 |      1.0000e-04 |
|      88 |        6100 |       01:26:48 |      100.00% |              |       0.0007 |              |      1.0000e-04 |
|      88 |        6120 |       01:27:01 |      100.00% |       76.47% |       0.0007 |       0.5088 |      1.0000e-04 |
|      88 |        6150 |       01:27:21 |      100.00% |       76.47% |       0.0008 |       0.5090 |      1.0000e-04 |
|      89 |        6180 |       01:27:41 |      100.00% |       76.47% |       0.0005 |       0.5091 |      1.0000e-04 |
|      89 |        6200 |       01:27:54 |      100.00% |              |       0.0009 |              |      1.0000e-04 |
|      89 |        6210 |       01:28:01 |      100.00% |       76.47% |       0.0008 |       0.5096 |      1.0000e-04 |
|      90 |        6240 |       01:28:21 |      100.00% |       76.47% |       0.0007 |       0.5096 |      1.0000e-04 |
|      90 |        6250 |       01:28:27 |      100.00% |              |       0.0005 |              |      1.0000e-04 |
|      90 |        6270 |       01:28:40 |      100.00% |       76.47% |       0.0009 |       0.5098 |      1.0000e-04 |
|      90 |        6300 |       01:29:00 |      100.00% |       76.47% |       0.0019 |       0.5098 |      1.0000e-04 |
|      91 |        6330 |       01:29:20 |      100.00% |       76.47% |       0.0007 |       0.5101 |      1.0000e-04 |
|      91 |        6350 |       01:29:32 |      100.00% |              |       0.0007 |              |      1.0000e-04 |
|      91 |        6360 |       01:29:39 |      100.00% |       76.47% |       0.0007 |       0.5103 |      1.0000e-04 |
|      92 |        6390 |       01:29:59 |      100.00% |       76.47% |       0.0005 |       0.5104 |      1.0000e-04 |
|      92 |        6400 |       01:30:05 |      100.00% |              |       0.0007 |              |      1.0000e-04 |
|      92 |        6420 |       01:30:18 |      100.00% |       76.47% |       0.0007 |       0.5109 |      1.0000e-04 |
|      93 |        6450 |       01:30:39 |      100.00% |       76.47% |       0.0006 |       0.5108 |      1.0000e-04 |
|      93 |        6480 |       01:30:59 |      100.00% |       76.47% |       0.0009 |       0.5111 |      1.0000e-04 |
|      93 |        6500 |       01:31:11 |      100.00% |              |       0.0007 |              |      1.0000e-04 |
|      93 |        6510 |       01:31:19 |      100.00% |       76.47% |       0.0018 |       0.5111 |      1.0000e-04 |
|      94 |        6540 |       01:31:38 |      100.00% |       76.47% |       0.0007 |       0.5113 |      1.0000e-04 |
|      94 |        6550 |       01:31:44 |      100.00% |              |       0.0009 |              |      1.0000e-04 |
|      94 |        6570 |       01:31:58 |      100.00% |       76.47% |       0.0007 |       0.5115 |      1.0000e-04 |
|      95 |        6600 |       01:32:17 |      100.00% |       76.47% |       0.0004 |       0.5116 |      1.0000e-04 |
|      95 |        6630 |       01:32:37 |      100.00% |       76.47% |       0.0007 |       0.5121 |      1.0000e-04 |
|      95 |        6650 |       01:32:49 |      100.00% |              |       0.0017 |              |      1.0000e-04 |
|      96 |        6660 |       01:32:57 |      100.00% |       76.47% |       0.0006 |       0.5121 |      1.0000e-04 |
|      96 |        6690 |       01:33:16 |      100.00% |       76.47% |       0.0008 |       0.5123 |      1.0000e-04 |
|      96 |        6700 |       01:33:22 |      100.00% |              |       0.0007 |              |      1.0000e-04 |
|      96 |        6720 |       01:33:36 |      100.00% |       76.47% |       0.0017 |       0.5123 |      1.0000e-04 |
|      97 |        6750 |       01:33:55 |      100.00% |       76.47% |       0.0006 |       0.5126 |      1.0000e-04 |
|      97 |        6780 |       01:34:14 |      100.00% |       76.47% |       0.0007 |       0.5127 |      1.0000e-04 |
|      98 |        6800 |       01:34:27 |      100.00% |              |       0.0006 |              |      1.0000e-04 |
|      98 |        6810 |       01:34:34 |      100.00% |       76.47% |       0.0004 |       0.5129 |      1.0000e-04 |
|      98 |        6840 |       01:34:54 |      100.00% |       76.47% |       0.0007 |       0.5133 |      1.0000e-04 |
|      98 |        6850 |       01:35:00 |      100.00% |              |       0.0007 |              |      1.0000e-04 |
|      99 |        6870 |       01:35:14 |      100.00% |       76.47% |       0.0006 |       0.5133 |      1.0000e-04 |
|      99 |        6900 |       01:35:33 |      100.00% |       76.47% |       0.0008 |       0.5135 |      1.0000e-04 |
|      99 |        6930 |       01:35:54 |      100.00% |       76.47% |       0.0017 |       0.5136 |      1.0000e-04 |
|     100 |        6950 |       01:36:06 |      100.00% |              |       0.0004 |              |      1.0000e-04 |
|     100 |        6960 |       01:36:13 |      100.00% |       76.47% |       0.0006 |       0.5138 |      1.0000e-04 |
|     100 |        6990 |       01:36:33 |      100.00% |       76.47% |       0.0006 |       0.5139 |      1.0000e-04 |
|     100 |        7000 |       01:36:39 |      100.00% |              |       0.0016 |              |      1.0000e-04 |
|     101 |        7020 |       01:36:52 |      100.00% |       76.47% |       0.0004 |       0.5141 |      1.0000e-04 |
|     101 |        7050 |       01:37:12 |      100.00% |       76.47% |       0.0006 |       0.5145 |      1.0000e-04 |
|     102 |        7080 |       01:37:32 |      100.00% |       76.47% |       0.0006 |       0.5145 |      1.0000e-04 |
|     102 |        7100 |       01:37:44 |      100.00% |              |       0.0006 |              |      1.0000e-04 |
|     102 |        7110 |       01:37:51 |      100.00% |       76.47% |       0.0008 |       0.5147 |      1.0000e-04 |
|     102 |        7140 |       01:38:11 |      100.00% |       76.47% |       0.0016 |       0.5147 |      1.0000e-04 |
|     103 |        7150 |       01:38:17 |      100.00% |              |       0.0006 |              |      1.0000e-04 |
|     103 |        7170 |       01:38:30 |      100.00% |       76.47% |       0.0006 |       0.5150 |      1.0000e-04 |
|     103 |        7200 |       01:38:50 |      100.00% |       76.47% |       0.0006 |       0.5151 |      1.0000e-04 |
|     104 |        7230 |       01:39:09 |      100.00% |       76.47% |       0.0004 |       0.5153 |      1.0000e-04 |
|     104 |        7250 |       01:39:21 |      100.00% |              |       0.0008 |              |      1.0000e-04 |
|     104 |        7260 |       01:39:29 |      100.00% |       76.47% |       0.0006 |       0.5157 |      1.0000e-04 |
|     105 |        7290 |       01:39:48 |      100.00% |       76.47% |       0.0005 |       0.5156 |      1.0000e-04 |
|     105 |        7300 |       01:39:54 |      100.00% |              |       0.0004 |              |      1.0000e-04 |
|     105 |        7320 |       01:40:08 |      100.00% |       76.47% |       0.0007 |       0.5159 |      1.0000e-04 |
|     105 |        7350 |       01:40:27 |      100.00% |       76.47% |       0.0016 |       0.5159 |      1.0000e-04 |
|     106 |        7380 |       01:40:47 |      100.00% |       76.47% |       0.0006 |       0.5161 |      1.0000e-04 |
|     106 |        7400 |       01:40:59 |      100.00% |              |       0.0006 |              |      1.0000e-04 |
|     106 |        7410 |       01:41:06 |      100.00% |       76.47% |       0.0006 |       0.5163 |      1.0000e-04 |
|     107 |        7440 |       01:41:26 |      100.00% |       76.47% |       0.0004 |       0.5164 |      1.0000e-04 |
|     107 |        7450 |       01:41:32 |      100.00% |              |       0.0006 |              |      1.0000e-04 |
|     107 |        7470 |       01:41:45 |      100.00% |       76.47% |       0.0006 |       0.5168 |      1.0000e-04 |
|     108 |        7500 |       01:42:05 |      100.00% |       76.47% |       0.0005 |       0.5168 |      1.0000e-04 |
|     108 |        7530 |       01:42:24 |      100.00% |       76.47% |       0.0007 |       0.5170 |      1.0000e-04 |
|     108 |        7550 |       01:42:36 |      100.00% |              |       0.0006 |              |      1.0000e-04 |
|     108 |        7560 |       01:42:43 |      100.00% |       76.47% |       0.0015 |       0.5170 |      1.0000e-04 |
|     109 |        7590 |       01:43:03 |      100.00% |       76.47% |       0.0006 |       0.5173 |      1.0000e-04 |
|     109 |        7600 |       01:43:09 |      100.00% |              |       0.0007 |              |      1.0000e-04 |
|     109 |        7620 |       01:43:22 |      100.00% |       76.47% |       0.0006 |       0.5174 |      1.0000e-04 |
|     110 |        7650 |       01:43:42 |      100.00% |       76.47% |       0.0004 |       0.5176 |      1.0000e-04 |
|     110 |        7680 |       01:44:01 |      100.00% |       76.47% |       0.0006 |       0.5179 |      1.0000e-04 |
|     110 |        7700 |       01:44:14 |      100.00% |              |       0.0015 |              |      1.0000e-04 |
|     111 |        7710 |       01:44:21 |      100.00% |       76.47% |       0.0005 |       0.5179 |      1.0000e-04 |
|     111 |        7740 |       01:44:40 |      100.00% |       76.47% |       0.0007 |       0.5181 |      1.0000e-04 |
|     111 |        7750 |       01:44:46 |      100.00% |              |       0.0006 |              |      1.0000e-04 |
|     111 |        7770 |       01:45:00 |      100.00% |       76.47% |       0.0015 |       0.5182 |      1.0000e-04 |
|     112 |        7800 |       01:45:19 |      100.00% |       76.47% |       0.0005 |       0.5184 |      1.0000e-04 |
|     112 |        7830 |       01:45:39 |      100.00% |       76.47% |       0.0006 |       0.5185 |      1.0000e-04 |
|     113 |        7850 |       01:45:51 |      100.00% |              |       0.0005 |              |      1.0000e-04 |
|     113 |        7860 |       01:45:58 |      100.00% |       76.47% |       0.0003 |       0.5187 |      1.0000e-04 |
|     113 |        7890 |       01:46:17 |      100.00% |       76.47% |       0.0006 |       0.5190 |      1.0000e-04 |
|     113 |        7900 |       01:46:24 |      100.00% |              |       0.0006 |              |      1.0000e-04 |
|     114 |        7920 |       01:46:37 |      100.00% |       76.47% |       0.0005 |       0.5190 |      1.0000e-04 |
|     114 |        7950 |       01:46:57 |      100.00% |       76.47% |       0.0007 |       0.5192 |      1.0000e-04 |
|     114 |        7980 |       01:47:16 |      100.00% |       76.47% |       0.0014 |       0.5193 |      1.0000e-04 |
|     115 |        8000 |       01:47:29 |      100.00% |              |       0.0003 |              |      1.0000e-04 |
|     115 |        8010 |       01:47:36 |      100.00% |       76.47% |       0.0005 |       0.5195 |      1.0000e-04 |
|     115 |        8040 |       01:47:56 |      100.00% |       76.47% |       0.0005 |       0.5196 |      1.0000e-04 |
|     115 |        8050 |       01:48:02 |      100.00% |              |       0.0014 |              |      1.0000e-04 |
|     116 |        8070 |       01:48:15 |      100.00% |       76.47% |       0.0003 |       0.5198 |      1.0000e-04 |
|     116 |        8100 |       01:48:35 |      100.00% |       76.47% |       0.0005 |       0.5201 |      1.0000e-04 |
|     117 |        8130 |       01:48:54 |      100.00% |       76.47% |       0.0005 |       0.5201 |      1.0000e-04 |
|     117 |        8150 |       01:49:06 |      100.00% |              |       0.0005 |              |      1.0000e-04 |
|     117 |        8160 |       01:49:13 |      100.00% |       76.47% |       0.0006 |       0.5203 |      1.0000e-04 |
|     117 |        8190 |       01:49:33 |      100.00% |       76.47% |       0.0014 |       0.5204 |      1.0000e-04 |
|     118 |        8200 |       01:49:39 |      100.00% |              |       0.0005 |              |      1.0000e-04 |
|     118 |        8220 |       01:49:52 |      100.00% |       76.47% |       0.0005 |       0.5206 |      1.0000e-04 |
|     118 |        8250 |       01:50:12 |      100.00% |       76.47% |       0.0005 |       0.5207 |      1.0000e-04 |
|     119 |        8280 |       01:50:31 |      100.00% |       76.47% |       0.0003 |       0.5209 |      1.0000e-04 |
|     119 |        8300 |       01:50:43 |      100.00% |              |       0.0006 |              |      1.0000e-04 |
|     119 |        8310 |       01:50:50 |      100.00% |       76.47% |       0.0005 |       0.5212 |      1.0000e-04 |
|     120 |        8340 |       01:51:10 |      100.00% |       76.47% |       0.0004 |       0.5212 |      1.0000e-04 |
|     120 |        8350 |       01:51:16 |      100.00% |              |       0.0003 |              |      1.0000e-04 |
|     120 |        8370 |       01:51:29 |      100.00% |       76.47% |       0.0006 |       0.5214 |      1.0000e-04 |
|     120 |        8400 |       01:51:49 |      100.00% |       76.47% |       0.0013 |       0.5215 |      1.0000e-04 |
|     121 |        8430 |       01:52:08 |      100.00% |       76.47% |       0.0005 |       0.5217 |      1.0000e-04 |
|     121 |        8450 |       01:52:20 |      100.00% |              |       0.0005 |              |      1.0000e-04 |
|     121 |        8460 |       01:52:28 |      100.00% |       76.47% |       0.0005 |       0.5218 |      1.0000e-04 |
|     122 |        8490 |       01:52:47 |      100.00% |       76.47% |       0.0003 |       0.5219 |      1.0000e-04 |
|     122 |        8500 |       01:52:53 |      100.00% |              |       0.0005 |              |      1.0000e-04 |
|     122 |        8520 |       01:53:07 |      100.00% |       76.47% |       0.0005 |       0.5223 |      1.0000e-04 |
|     123 |        8550 |       01:53:26 |      100.00% |       76.47% |       0.0004 |       0.5223 |      1.0000e-04 |
|     123 |        8580 |       01:53:46 |      100.00% |       76.47% |       0.0006 |       0.5225 |      1.0000e-04 |
|     123 |        8600 |       01:53:58 |      100.00% |              |       0.0005 |              |      1.0000e-04 |
|     123 |        8610 |       01:54:05 |      100.00% |       76.47% |       0.0013 |       0.5225 |      1.0000e-04 |
|     124 |        8640 |       01:54:25 |      100.00% |       76.47% |       0.0005 |       0.5227 |      1.0000e-04 |
|     124 |        8650 |       01:54:31 |      100.00% |              |       0.0006 |              |      1.0000e-04 |
|     124 |        8670 |       01:54:44 |      100.00% |       76.47% |       0.0005 |       0.5229 |      1.0000e-04 |
|     125 |        8700 |       01:55:04 |      100.00% |       76.47% |       0.0003 |       0.5230 |      1.0000e-04 |
|     125 |        8730 |       01:55:23 |      100.00% |       76.47% |       0.0005 |       0.5234 |      1.0000e-04 |
|     125 |        8750 |       01:55:36 |      100.00% |              |       0.0013 |              |      1.0000e-04 |
|     126 |        8760 |       01:55:44 |      100.00% |       76.47% |       0.0004 |       0.5234 |      1.0000e-04 |
|     126 |        8790 |       01:56:05 |      100.00% |       76.47% |       0.0006 |       0.5236 |      1.0000e-04 |
|     126 |        8800 |       01:56:12 |      100.00% |              |       0.0005 |              |      1.0000e-04 |
|     126 |        8820 |       01:56:27 |      100.00% |       76.47% |       0.0013 |       0.5236 |      1.0000e-04 |
|     127 |        8850 |       01:56:48 |      100.00% |       76.47% |       0.0005 |       0.5238 |      1.0000e-04 |
|     127 |        8880 |       01:57:08 |      100.00% |       76.47% |       0.0005 |       0.5239 |      1.0000e-04 |
|     128 |        8900 |       01:57:21 |      100.00% |              |       0.0004 |              |      1.0000e-04 |
|     128 |        8910 |       01:57:28 |      100.00% |       76.47% |       0.0003 |       0.5241 |      1.0000e-04 |
|     128 |        8940 |       01:57:47 |      100.00% |       76.47% |       0.0005 |       0.5244 |      1.0000e-04 |
|     128 |        8950 |       01:57:53 |      100.00% |              |       0.0005 |              |      1.0000e-04 |
|     129 |        8970 |       01:58:07 |      100.00% |       76.47% |       0.0004 |       0.5244 |      1.0000e-04 |
|     129 |        9000 |       01:58:26 |      100.00% |       76.47% |       0.0006 |       0.5246 |      1.0000e-04 |
|     129 |        9030 |       01:58:46 |      100.00% |       76.47% |       0.0012 |       0.5246 |      1.0000e-04 |
|     130 |        9050 |       01:58:58 |      100.00% |              |       0.0003 |              |      1.0000e-04 |
|     130 |        9060 |       01:59:05 |      100.00% |       76.47% |       0.0004 |       0.5248 |      1.0000e-04 |
|     130 |        9090 |       01:59:25 |      100.00% |       76.47% |       0.0005 |       0.5249 |      1.0000e-04 |
|     130 |        9100 |       01:59:31 |      100.00% |              |       0.0012 |              |      1.0000e-04 |
|     131 |        9120 |       01:59:45 |      100.00% |       76.47% |       0.0003 |       0.5251 |      1.0000e-04 |
|     131 |        9150 |       02:00:04 |      100.00% |       76.47% |       0.0005 |       0.5254 |      1.0000e-04 |
|     132 |        9180 |       02:00:24 |      100.00% |       76.47% |       0.0004 |       0.5254 |      1.0000e-04 |
|     132 |        9200 |       02:00:36 |      100.00% |              |       0.0004 |              |      1.0000e-04 |
|     132 |        9210 |       02:00:43 |      100.00% |       76.47% |       0.0006 |       0.5256 |      1.0000e-04 |
|     132 |        9240 |       02:01:03 |      100.00% |       76.47% |       0.0012 |       0.5256 |      1.0000e-04 |
|     133 |        9250 |       02:01:09 |      100.00% |              |       0.0004 |              |      1.0000e-04 |
|     133 |        9270 |       02:01:22 |      100.00% |       76.47% |       0.0004 |       0.5258 |      1.0000e-04 |
|     133 |        9300 |       02:01:42 |      100.00% |       76.47% |       0.0005 |       0.5259 |      1.0000e-04 |
|     134 |        9330 |       02:02:01 |      100.00% |       76.47% |       0.0003 |       0.5261 |      1.0000e-04 |
|     134 |        9350 |       02:02:14 |      100.00% |              |       0.0005 |              |      1.0000e-04 |
|     134 |        9360 |       02:02:21 |      100.00% |       76.47% |       0.0005 |       0.5264 |      1.0000e-04 |
|     135 |        9390 |       02:02:40 |      100.00% |       76.47% |       0.0004 |       0.5264 |      1.0000e-04 |
|     135 |        9400 |       02:02:46 |      100.00% |              |       0.0003 |              |      1.0000e-04 |
|     135 |        9420 |       02:02:59 |      100.00% |       76.47% |       0.0005 |       0.5266 |      1.0000e-04 |
|     135 |        9450 |       02:03:19 |      100.00% |       76.47% |       0.0012 |       0.5266 |      1.0000e-04 |
|     136 |        9480 |       02:03:39 |      100.00% |       76.47% |       0.0004 |       0.5268 |      1.0000e-04 |
|     136 |        9500 |       02:03:53 |      100.00% |              |       0.0004 |              |      1.0000e-04 |
|     136 |        9510 |       02:04:01 |      100.00% |       76.47% |       0.0004 |       0.5269 |      1.0000e-04 |
|     137 |        9540 |       02:04:22 |      100.00% |       76.47% |       0.0003 |       0.5271 |      1.0000e-04 |
|     137 |        9550 |       02:04:29 |      100.00% |              |       0.0004 |              |      1.0000e-04 |
|     137 |        9570 |       02:04:43 |      100.00% |       76.47% |       0.0004 |       0.5274 |      1.0000e-04 |
|     138 |        9600 |       02:05:05 |      100.00% |       76.47% |       0.0004 |       0.5274 |      1.0000e-04 |
|     138 |        9630 |       02:05:26 |      100.00% |       76.47% |       0.0005 |       0.5276 |      1.0000e-04 |
|     138 |        9650 |       02:05:40 |      100.00% |              |       0.0004 |              |      1.0000e-04 |
|     138 |        9660 |       02:05:47 |      100.00% |       76.47% |       0.0011 |       0.5276 |      1.0000e-04 |
|     139 |        9690 |       02:06:07 |      100.00% |       76.47% |       0.0004 |       0.5278 |      1.0000e-04 |
|     139 |        9700 |       02:06:13 |      100.00% |              |       0.0005 |              |      1.0000e-04 |
|     139 |        9720 |       02:06:26 |      100.00% |       76.47% |       0.0004 |       0.5279 |      1.0000e-04 |
|     140 |        9750 |       02:06:46 |      100.00% |       76.47% |       0.0003 |       0.5281 |      1.0000e-04 |
|     140 |        9780 |       02:07:05 |      100.00% |       76.47% |       0.0004 |       0.5284 |      1.0000e-04 |
|     140 |        9800 |       02:07:18 |      100.00% |              |       0.0011 |              |      1.0000e-04 |
|     141 |        9810 |       02:07:25 |      100.00% |       76.47% |       0.0004 |       0.5284 |      1.0000e-04 |
|     141 |        9840 |       02:07:44 |      100.00% |       76.47% |       0.0005 |       0.5286 |      1.0000e-04 |
|     141 |        9850 |       02:07:50 |      100.00% |              |       0.0004 |              |      1.0000e-04 |
|     141 |        9870 |       02:08:04 |      100.00% |       76.47% |       0.0011 |       0.5286 |      1.0000e-04 |
|     142 |        9900 |       02:08:23 |      100.00% |       76.47% |       0.0004 |       0.5288 |      1.0000e-04 |
|     142 |        9930 |       02:08:42 |      100.00% |       76.47% |       0.0004 |       0.5289 |      1.0000e-04 |
|     143 |        9950 |       02:08:55 |      100.00% |              |       0.0004 |              |      1.0000e-04 |
|     143 |        9960 |       02:09:02 |      100.00% |       76.47% |       0.0002 |       0.5290 |      1.0000e-04 |
|     143 |        9990 |       02:09:21 |      100.00% |       76.47% |       0.0004 |       0.5293 |      1.0000e-04 |
|     143 |       10000 |       02:09:27 |      100.00% |              |       0.0004 |              |      1.0000e-04 |
|     144 |       10020 |       02:09:41 |      100.00% |       76.47% |       0.0004 |       0.5293 |      1.0000e-04 |
|     144 |       10050 |       02:10:00 |      100.00% |       76.47% |       0.0005 |       0.5295 |      1.0000e-04 |
|     144 |       10080 |       02:10:19 |      100.00% |       76.47% |       0.0011 |       0.5295 |      1.0000e-04 |
|     145 |       10100 |       02:10:32 |      100.00% |              |       0.0002 |              |      1.0000e-04 |
|     145 |       10110 |       02:10:39 |      100.00% |       76.47% |       0.0004 |       0.5297 |      1.0000e-04 |
|     145 |       10140 |       02:10:58 |      100.00% |       76.47% |       0.0004 |       0.5298 |      1.0000e-04 |
|     145 |       10150 |       02:11:04 |      100.00% |              |       0.0011 |              |      1.0000e-04 |
|     146 |       10170 |       02:11:18 |      100.00% |       76.47% |       0.0002 |       0.5299 |      1.0000e-04 |
|     146 |       10200 |       02:11:37 |      100.00% |       76.47% |       0.0004 |       0.5302 |      1.0000e-04 |
|     147 |       10230 |       02:11:57 |      100.00% |       76.47% |       0.0003 |       0.5303 |      1.0000e-04 |
|     147 |       10250 |       02:12:09 |      100.00% |              |       0.0004 |              |      1.0000e-04 |
|     147 |       10260 |       02:12:16 |      100.00% |       76.47% |       0.0005 |       0.5304 |      1.0000e-04 |
|     147 |       10290 |       02:12:35 |      100.00% |       76.47% |       0.0011 |       0.5305 |      1.0000e-04 |
|     148 |       10300 |       02:12:41 |      100.00% |              |       0.0003 |              |      1.0000e-04 |
|     148 |       10320 |       02:12:56 |      100.00% |       76.47% |       0.0004 |       0.5307 |      1.0000e-04 |
|     148 |       10350 |       02:13:18 |      100.00% |       76.47% |       0.0004 |       0.5307 |      1.0000e-04 |
|     149 |       10380 |       02:13:39 |      100.00% |       76.47% |       0.0002 |       0.5309 |      1.0000e-04 |
|     149 |       10400 |       02:13:52 |      100.00% |              |       0.0005 |              |      1.0000e-04 |
|     149 |       10410 |       02:13:59 |      100.00% |       76.47% |       0.0004 |       0.5312 |      1.0000e-04 |
|     150 |       10440 |       02:14:18 |      100.00% |       76.47% |       0.0003 |       0.5312 |      1.0000e-04 |
|     150 |       10450 |       02:14:25 |      100.00% |              |       0.0002 |              |      1.0000e-04 |
|     150 |       10470 |       02:14:38 |      100.00% |       76.47% |       0.0005 |       0.5313 |      1.0000e-04 |
|     150 |       10500 |       02:14:57 |      100.00% |       76.47% |       0.0010 |       0.5314 |      1.0000e-04 |
|     151 |       10530 |       02:15:17 |      100.00% |       76.47% |       0.0004 |       0.5316 |      1.0000e-04 |
|     151 |       10550 |       02:15:29 |      100.00% |              |       0.0004 |              |      1.0000e-04 |
|     151 |       10560 |       02:15:37 |      100.00% |       76.47% |       0.0004 |       0.5316 |      1.0000e-04 |
|     152 |       10590 |       02:15:56 |      100.00% |       76.47% |       0.0002 |       0.5318 |      1.0000e-04 |
|     152 |       10600 |       02:16:02 |      100.00% |              |       0.0004 |              |      1.0000e-04 |
|     152 |       10620 |       02:16:16 |      100.00% |       76.47% |       0.0004 |       0.5321 |      1.0000e-04 |
|     153 |       10650 |       02:16:35 |      100.00% |       76.47% |       0.0003 |       0.5321 |      1.0000e-04 |
|     153 |       10680 |       02:16:55 |      100.00% |       76.47% |       0.0005 |       0.5322 |      1.0000e-04 |
|     153 |       10700 |       02:17:07 |      100.00% |              |       0.0004 |              |      1.0000e-04 |
|     153 |       10710 |       02:17:14 |      100.00% |       76.47% |       0.0010 |       0.5323 |      1.0000e-04 |
|     154 |       10740 |       02:17:34 |      100.00% |       76.47% |       0.0004 |       0.5324 |      1.0000e-04 |
|     154 |       10750 |       02:17:40 |      100.00% |              |       0.0005 |              |      1.0000e-04 |
|     154 |       10770 |       02:17:54 |      100.00% |       76.47% |       0.0004 |       0.5325 |      1.0000e-04 |
|     155 |       10800 |       02:18:13 |      100.00% |       76.47% |       0.0002 |       0.5327 |      1.0000e-04 |
|     155 |       10830 |       02:18:33 |      100.00% |       76.47% |       0.0004 |       0.5329 |      1.0000e-04 |
|     155 |       10850 |       02:18:45 |      100.00% |              |       0.0010 |              |      1.0000e-04 |
|     156 |       10860 |       02:18:52 |      100.00% |       76.47% |       0.0003 |       0.5329 |      1.0000e-04 |
|     156 |       10890 |       02:19:12 |      100.00% |       76.47% |       0.0004 |       0.5331 |      1.0000e-04 |
|     156 |       10900 |       02:19:18 |      100.00% |              |       0.0004 |              |      1.0000e-04 |
|     156 |       10920 |       02:19:31 |      100.00% |       76.47% |       0.0010 |       0.5331 |      1.0000e-04 |
|     157 |       10950 |       02:19:51 |      100.00% |       76.47% |       0.0003 |       0.5333 |      1.0000e-04 |
|     157 |       10980 |       02:20:10 |      100.00% |       76.47% |       0.0004 |       0.5334 |      1.0000e-04 |
|     158 |       11000 |       02:20:23 |      100.00% |              |       0.0003 |              |      1.0000e-04 |
|     158 |       11010 |       02:20:30 |      100.00% |       76.47% |       0.0002 |       0.5335 |      1.0000e-04 |
|     158 |       11040 |       02:20:50 |      100.00% |       76.47% |       0.0004 |       0.5338 |      1.0000e-04 |
|     158 |       11050 |       02:20:56 |      100.00% |              |       0.0004 |              |      1.0000e-04 |
|     159 |       11070 |       02:21:09 |      100.00% |       76.47% |       0.0003 |       0.5338 |      1.0000e-04 |
|     159 |       11100 |       02:21:28 |      100.00% |       76.47% |       0.0004 |       0.5340 |      1.0000e-04 |
|     159 |       11130 |       02:21:48 |      100.00% |       76.47% |       0.0010 |       0.5340 |      1.0000e-04 |
|     160 |       11150 |       02:22:00 |      100.00% |              |       0.0002 |              |      1.0000e-04 |
|     160 |       11160 |       02:22:07 |      100.00% |       76.47% |       0.0003 |       0.5342 |      1.0000e-04 |
|     160 |       11190 |       02:22:27 |      100.00% |       76.47% |       0.0004 |       0.5343 |      1.0000e-04 |
|     160 |       11200 |       02:22:33 |      100.00% |              |       0.0010 |              |      1.0000e-04 |
|     161 |       11220 |       02:22:46 |      100.00% |       76.47% |       0.0002 |       0.5344 |      1.0000e-04 |
|     161 |       11250 |       02:23:06 |      100.00% |       76.47% |       0.0004 |       0.5346 |      1.0000e-04 |
|     162 |       11280 |       02:23:25 |      100.00% |       76.47% |       0.0003 |       0.5346 |      1.0000e-04 |
|     162 |       11300 |       02:23:37 |      100.00% |              |       0.0003 |              |      1.0000e-04 |
|     162 |       11310 |       02:23:45 |      100.00% |       76.47% |       0.0004 |       0.5348 |      1.0000e-04 |
|     162 |       11340 |       02:24:04 |      100.00% |       76.47% |       0.0009 |       0.5348 |      1.0000e-04 |
|     163 |       11350 |       02:24:10 |      100.00% |              |       0.0003 |              |      1.0000e-04 |
|     163 |       11370 |       02:24:24 |      100.00% |       76.47% |       0.0003 |       0.5350 |      1.0000e-04 |
|     163 |       11400 |       02:24:43 |      100.00% |       76.47% |       0.0004 |       0.5351 |      1.0000e-04 |
|     164 |       11430 |       02:25:03 |      100.00% |       76.47% |       0.0002 |       0.5352 |      1.0000e-04 |
|     164 |       11450 |       02:25:15 |      100.00% |              |       0.0004 |              |      1.0000e-04 |
|     164 |       11460 |       02:25:23 |      100.00% |       76.47% |       0.0004 |       0.5355 |      1.0000e-04 |
|     165 |       11490 |       02:25:42 |      100.00% |       76.47% |       0.0003 |       0.5355 |      1.0000e-04 |
|     165 |       11500 |       02:25:48 |      100.00% |              |       0.0002 |              |      1.0000e-04 |
|     165 |       11520 |       02:26:02 |      100.00% |       76.47% |       0.0004 |       0.5357 |      1.0000e-04 |
|     165 |       11550 |       02:26:21 |      100.00% |       76.47% |       0.0009 |       0.5357 |      1.0000e-04 |
|     166 |       11580 |       02:26:41 |      100.00% |       76.47% |       0.0003 |       0.5359 |      1.0000e-04 |
|     166 |       11600 |       02:26:53 |      100.00% |              |       0.0003 |              |      1.0000e-04 |
|     166 |       11610 |       02:27:00 |      100.00% |       76.47% |       0.0003 |       0.5359 |      1.0000e-04 |
|     167 |       11640 |       02:27:20 |      100.00% |       76.47% |       0.0002 |       0.5361 |      1.0000e-04 |
|     167 |       11650 |       02:27:26 |      100.00% |              |       0.0003 |              |      1.0000e-04 |
|     167 |       11670 |       02:27:39 |      100.00% |       76.47% |       0.0003 |       0.5363 |      1.0000e-04 |
|     168 |       11700 |       02:27:59 |      100.00% |       76.47% |       0.0003 |       0.5363 |      1.0000e-04 |
|     168 |       11730 |       02:28:19 |      100.00% |       76.47% |       0.0004 |       0.5365 |      1.0000e-04 |
|     168 |       11750 |       02:28:31 |      100.00% |              |       0.0003 |              |      1.0000e-04 |
|     168 |       11760 |       02:28:38 |      100.00% |       76.47% |       0.0009 |       0.5365 |      1.0000e-04 |
|     169 |       11790 |       02:28:58 |      100.00% |       76.47% |       0.0003 |       0.5367 |      1.0000e-04 |
|     169 |       11800 |       02:29:04 |      100.00% |              |       0.0004 |              |      1.0000e-04 |
|     169 |       11820 |       02:29:17 |      100.00% |       76.47% |       0.0003 |       0.5368 |      1.0000e-04 |
|     170 |       11850 |       02:29:37 |      100.00% |       76.47% |       0.0002 |       0.5369 |      1.0000e-04 |
|     170 |       11880 |       02:29:57 |      100.00% |       76.47% |       0.0003 |       0.5371 |      1.0000e-04 |
|     170 |       11900 |       02:30:09 |      100.00% |              |       0.0009 |              |      1.0000e-04 |
|     171 |       11910 |       02:30:16 |      100.00% |       76.47% |       0.0003 |       0.5371 |      1.0000e-04 |
|     171 |       11940 |       02:30:36 |      100.00% |       76.47% |       0.0004 |       0.5373 |      1.0000e-04 |
|     171 |       11950 |       02:30:42 |      100.00% |              |       0.0003 |              |      1.0000e-04 |
|     171 |       11970 |       02:30:55 |      100.00% |       76.47% |       0.0009 |       0.5373 |      1.0000e-04 |
|     172 |       12000 |       02:31:15 |      100.00% |       76.47% |       0.0003 |       0.5375 |      1.0000e-04 |
|     172 |       12030 |       02:31:34 |      100.00% |       76.47% |       0.0003 |       0.5376 |      1.0000e-04 |
|     173 |       12050 |       02:31:46 |      100.00% |              |       0.0003 |              |      1.0000e-04 |
|     173 |       12060 |       02:31:54 |      100.00% |       76.47% |       0.0002 |       0.5377 |      1.0000e-04 |
|     173 |       12090 |       02:32:13 |      100.00% |       76.47% |       0.0003 |       0.5379 |      1.0000e-04 |
|     173 |       12100 |       02:32:19 |      100.00% |              |       0.0003 |              |      1.0000e-04 |
|     174 |       12120 |       02:32:33 |      100.00% |       76.47% |       0.0003 |       0.5379 |      1.0000e-04 |
|     174 |       12150 |       02:32:52 |      100.00% |       76.47% |       0.0004 |       0.5381 |      1.0000e-04 |
|     174 |       12180 |       02:33:12 |      100.00% |       76.47% |       0.0009 |       0.5381 |      1.0000e-04 |
|     175 |       12200 |       02:33:24 |      100.00% |              |       0.0002 |              |      1.0000e-04 |
|     175 |       12210 |       02:33:31 |      100.00% |       76.47% |       0.0003 |       0.5383 |      1.0000e-04 |
|     175 |       12240 |       02:33:51 |      100.00% |       76.47% |       0.0003 |       0.5384 |      1.0000e-04 |
|     175 |       12250 |       02:33:57 |      100.00% |              |       0.0009 |              |      1.0000e-04 |
|     176 |       12270 |       02:34:10 |      100.00% |       76.47% |       0.0002 |       0.5385 |      1.0000e-04 |
|     176 |       12300 |       02:34:30 |      100.00% |       76.47% |       0.0003 |       0.5387 |      1.0000e-04 |
|     177 |       12330 |       02:34:50 |      100.00% |       76.47% |       0.0003 |       0.5387 |      1.0000e-04 |
|     177 |       12350 |       02:35:02 |      100.00% |              |       0.0003 |              |      1.0000e-04 |
|     177 |       12360 |       02:35:09 |      100.00% |       76.47% |       0.0004 |       0.5389 |      1.0000e-04 |
|     177 |       12390 |       02:35:29 |      100.00% |       76.47% |       0.0009 |       0.5389 |      1.0000e-04 |
|     178 |       12400 |       02:35:35 |      100.00% |              |       0.0003 |              |      1.0000e-04 |
|     178 |       12420 |       02:35:49 |      100.00% |       76.47% |       0.0003 |       0.5391 |      1.0000e-04 |
|     178 |       12450 |       02:36:08 |      100.00% |       76.47% |       0.0003 |       0.5391 |      1.0000e-04 |
|     179 |       12480 |       02:36:28 |      100.00% |       76.47% |       0.0002 |       0.5392 |      1.0000e-04 |
|     179 |       12500 |       02:36:40 |      100.00% |              |       0.0004 |              |      1.0000e-04 |
|     179 |       12510 |       02:36:48 |      100.00% |       76.47% |       0.0003 |       0.5395 |      1.0000e-04 |
|     180 |       12540 |       02:37:07 |      100.00% |       76.47% |       0.0003 |       0.5395 |      1.0000e-04 |
|     180 |       12550 |       02:37:13 |      100.00% |              |       0.0002 |              |      1.0000e-04 |
|     180 |       12570 |       02:37:27 |      100.00% |       76.47% |       0.0004 |       0.5397 |      1.0000e-04 |
|     180 |       12600 |       02:37:47 |      100.00% |       76.47% |       0.0008 |       0.5397 |      1.0000e-04 |
|     181 |       12630 |       02:38:06 |      100.00% |       76.47% |       0.0003 |       0.5398 |      1.0000e-04 |
|     181 |       12650 |       02:38:19 |      100.00% |              |       0.0003 |              |      1.0000e-04 |
|     181 |       12660 |       02:38:26 |      100.00% |       76.47% |       0.0003 |       0.5399 |      1.0000e-04 |
|     182 |       12690 |       02:38:46 |      100.00% |       76.47% |       0.0002 |       0.5400 |      1.0000e-04 |
|     182 |       12700 |       02:38:52 |      100.00% |              |       0.0003 |              |      1.0000e-04 |
|     182 |       12720 |       02:39:05 |      100.00% |       76.47% |       0.0003 |       0.5403 |      1.0000e-04 |
|     183 |       12750 |       02:39:25 |      100.00% |       76.47% |       0.0003 |       0.5403 |      1.0000e-04 |
|     183 |       12780 |       02:39:44 |      100.00% |       76.47% |       0.0004 |       0.5405 |      1.0000e-04 |
|     183 |       12800 |       02:39:57 |      100.00% |              |       0.0003 |              |      1.0000e-04 |
|     183 |       12810 |       02:40:04 |      100.00% |       76.47% |       0.0008 |       0.5405 |      1.0000e-04 |
|     184 |       12840 |       02:40:23 |      100.00% |       76.47% |       0.0003 |       0.5406 |      1.0000e-04 |
|     184 |       12850 |       02:40:29 |      100.00% |              |       0.0004 |              |      1.0000e-04 |
|     184 |       12870 |       02:40:43 |      100.00% |       76.47% |       0.0003 |       0.5407 |      1.0000e-04 |
|     185 |       12900 |       02:41:02 |      100.00% |       76.47% |       0.0002 |       0.5408 |      1.0000e-04 |
|     185 |       12930 |       02:41:22 |      100.00% |       76.47% |       0.0003 |       0.5411 |      1.0000e-04 |
|     185 |       12950 |       02:41:34 |      100.00% |              |       0.0008 |              |      1.0000e-04 |
|     186 |       12960 |       02:41:41 |      100.00% |       76.47% |       0.0003 |       0.5411 |      1.0000e-04 |
|     186 |       12990 |       02:42:01 |      100.00% |       76.47% |       0.0004 |       0.5412 |      1.0000e-04 |
|     186 |       13000 |       02:42:07 |      100.00% |              |       0.0003 |              |      1.0000e-04 |
|     186 |       13020 |       02:42:20 |      100.00% |       76.47% |       0.0008 |       0.5412 |      1.0000e-04 |
|     187 |       13050 |       02:42:39 |      100.00% |       76.47% |       0.0003 |       0.5414 |      1.0000e-04 |
|     187 |       13080 |       02:42:59 |      100.00% |       76.47% |       0.0003 |       0.5415 |      1.0000e-04 |
|     188 |       13100 |       02:43:11 |      100.00% |              |       0.0002 |              |      1.0000e-04 |
|     188 |       13110 |       02:43:18 |      100.00% |       76.47% |       0.0002 |       0.5416 |      1.0000e-04 |
|     188 |       13140 |       02:43:38 |      100.00% |       76.47% |       0.0003 |       0.5418 |      1.0000e-04 |
|     188 |       13150 |       02:43:44 |      100.00% |              |       0.0003 |              |      1.0000e-04 |
|     189 |       13170 |       02:43:57 |      100.00% |       76.47% |       0.0002 |       0.5418 |      1.0000e-04 |
|     189 |       13200 |       02:44:17 |      100.00% |       76.47% |       0.0004 |       0.5420 |      1.0000e-04 |
|     189 |       13230 |       02:44:36 |      100.00% |       76.47% |       0.0008 |       0.5420 |      1.0000e-04 |
|     190 |       13250 |       02:44:48 |      100.00% |              |       0.0002 |              |      1.0000e-04 |
|     190 |       13260 |       02:44:56 |      100.00% |       76.47% |       0.0003 |       0.5422 |      1.0000e-04 |
|     190 |       13290 |       02:45:15 |      100.00% |       76.47% |       0.0003 |       0.5423 |      1.0000e-04 |
|     190 |       13300 |       02:45:21 |      100.00% |              |       0.0008 |              |      1.0000e-04 |
|     191 |       13320 |       02:45:34 |      100.00% |       76.47% |       0.0002 |       0.5424 |      1.0000e-04 |
|     191 |       13350 |       02:45:54 |      100.00% |       76.47% |       0.0003 |       0.5426 |      1.0000e-04 |
|     192 |       13380 |       02:46:13 |      100.00% |       76.47% |       0.0002 |       0.5426 |      1.0000e-04 |
|     192 |       13400 |       02:46:26 |      100.00% |              |       0.0003 |              |      1.0000e-04 |
|     192 |       13410 |       02:46:33 |      100.00% |       76.47% |       0.0003 |       0.5428 |      1.0000e-04 |
|     192 |       13440 |       02:46:52 |      100.00% |       76.47% |       0.0008 |       0.5428 |      1.0000e-04 |
|     193 |       13450 |       02:46:58 |      100.00% |              |       0.0002 |              |      1.0000e-04 |
|     193 |       13470 |       02:47:12 |      100.00% |       76.47% |       0.0003 |       0.5429 |      1.0000e-04 |
|     193 |       13500 |       02:47:31 |      100.00% |       76.47% |       0.0003 |       0.5430 |      1.0000e-04 |
|     194 |       13530 |       02:47:51 |      100.00% |       76.47% |       0.0002 |       0.5431 |      1.0000e-04 |
|     194 |       13550 |       02:48:03 |      100.00% |              |       0.0003 |              |      1.0000e-04 |
|     194 |       13560 |       02:48:10 |      100.00% |       76.47% |       0.0003 |       0.5434 |      1.0000e-04 |
|     195 |       13590 |       02:48:29 |      100.00% |       76.47% |       0.0002 |       0.5434 |      1.0000e-04 |
|     195 |       13600 |       02:48:36 |      100.00% |              |       0.0002 |              |      1.0000e-04 |
|     195 |       13620 |       02:48:49 |      100.00% |       76.47% |       0.0003 |       0.5435 |      1.0000e-04 |
|     195 |       13650 |       02:49:09 |      100.00% |       76.47% |       0.0008 |       0.5435 |      1.0000e-04 |
|     196 |       13680 |       02:49:28 |      100.00% |       76.47% |       0.0003 |       0.5437 |      1.0000e-04 |
|     196 |       13700 |       02:49:41 |      100.00% |              |       0.0003 |              |      1.0000e-04 |
|     196 |       13710 |       02:49:48 |      100.00% |       76.47% |       0.0003 |       0.5438 |      1.0000e-04 |
|     197 |       13740 |       02:50:08 |      100.00% |       76.47% |       0.0002 |       0.5439 |      1.0000e-04 |
|     197 |       13750 |       02:50:14 |      100.00% |              |       0.0003 |              |      1.0000e-04 |
|     197 |       13770 |       02:50:28 |      100.00% |       76.47% |       0.0003 |       0.5441 |      1.0000e-04 |
|     198 |       13800 |       02:50:48 |      100.00% |       76.47% |       0.0002 |       0.5441 |      1.0000e-04 |
|     198 |       13830 |       02:51:07 |      100.00% |       76.47% |       0.0003 |       0.5443 |      1.0000e-04 |
|     198 |       13850 |       02:51:20 |      100.00% |              |       0.0003 |              |      1.0000e-04 |
|     198 |       13860 |       02:51:27 |      100.00% |       76.47% |       0.0008 |       0.5443 |      1.0000e-04 |
|     199 |       13890 |       02:51:47 |      100.00% |       76.47% |       0.0003 |       0.5445 |      1.0000e-04 |
|     199 |       13900 |       02:51:53 |      100.00% |              |       0.0003 |              |      1.0000e-04 |
|     199 |       13920 |       02:52:07 |      100.00% |       76.47% |       0.0003 |       0.5445 |      1.0000e-04 |
|     200 |       13950 |       02:52:26 |      100.00% |       76.47% |       0.0002 |       0.5446 |      1.0000e-04 |
|     200 |       13980 |       02:52:47 |      100.00% |       76.47% |       0.0003 |       0.5449 |      1.0000e-04 |
|     200 |       14000 |       02:53:02 |      100.00% |       76.47% |       0.0007 |       0.5448 |      1.0000e-04 |
|======================================================================================================================|

accuracy =

    0.9714

