
                            < M A T L A B (R) >
                  Copyright 1984-2020 The MathWorks, Inc.
              R2020a Update 2 (9.8.0.1380330) 64-bit (glnxa64)
                                May 5, 2020

 
To get started, type doc.
For product information, visit www.mathworks.com.
 
[Warning: Column headers from the file were modified to make them valid MATLAB
identifiers before creating variable names for the table. The original column
headers are saved in the VariableDescriptions property.
Set 'PreserveVariableNames' to true to use the original column headers as table
variable names.] 
Training on single GPU.
Initializing input data normalization.
|======================================================================================================================|
|  Epoch  |  Iteration  |  Time Elapsed  |  Mini-batch  |  Validation  |  Mini-batch  |  Validation  |  Base Learning  |
|         |             |   (hh:mm:ss)   |   Accuracy   |   Accuracy   |     Loss     |     Loss     |      Rate       |
|======================================================================================================================|
|       1 |           1 |       00:00:02 |       43.33% |       66.18% |       0.7427 |       0.7231 |      1.0000e-04 |
|       2 |          30 |       00:00:26 |      100.00% |       88.24% |       0.0087 |       0.2217 |      1.0000e-04 |
|       3 |          50 |       00:00:43 |      100.00% |              |       0.0010 |              |      1.0000e-04 |
|       4 |          60 |       00:00:53 |      100.00% |       86.76% |       0.0007 |       0.3056 |      1.0000e-04 |
|       5 |          90 |       00:01:23 |      100.00% |       88.24% |       0.0004 |       0.2998 |      1.0000e-04 |
|       6 |         100 |       00:01:32 |      100.00% |              |       0.0004 |              |      1.0000e-04 |
|       7 |         120 |       00:01:52 |      100.00% |       88.24% |       0.0003 |       0.3000 |      1.0000e-04 |
|       9 |         150 |       00:02:22 |      100.00% |       88.24% |       0.0002 |       0.3026 |      1.0000e-04 |
|      10 |         180 |       00:02:51 |      100.00% |       88.24% |       0.0002 |       0.3058 |      1.0000e-04 |
|      12 |         200 |       00:03:09 |      100.00% |              |       0.0002 |              |      1.0000e-04 |
|      12 |         210 |       00:03:20 |      100.00% |       88.24% |       0.0002 |       0.3088 |      1.0000e-04 |
|      14 |         240 |       00:03:49 |      100.00% |       88.24% |       0.0001 |       0.3118 |      1.0000e-04 |
|      14 |         250 |       00:03:58 |      100.00% |              |   7.0182e-05 |              |      1.0000e-04 |
|      15 |         270 |       00:04:18 |      100.00% |       88.24% |       0.0001 |       0.3149 |      1.0000e-04 |
|      17 |         300 |       00:04:47 |      100.00% |       88.24% |       0.0001 |       0.3178 |      1.0000e-04 |
|      19 |         330 |       00:05:16 |      100.00% |       88.24% |   8.2125e-05 |       0.3205 |      1.0000e-04 |
|      20 |         350 |       00:05:35 |      100.00% |              |       0.0001 |              |      1.0000e-04 |
|      20 |         360 |       00:05:46 |      100.00% |       88.24% |   7.7745e-05 |       0.3234 |      1.0000e-04 |
|      22 |         390 |       00:06:15 |      100.00% |       88.24% |   9.0039e-05 |       0.3243 |      1.0000e-04 |
|      23 |         400 |       00:06:24 |      100.00% |              |   8.5465e-05 |              |      1.0000e-04 |
|      24 |         420 |       00:06:44 |      100.00% |       88.24% |   5.9292e-05 |       0.3265 |      1.0000e-04 |
|      25 |         450 |       00:07:13 |      100.00% |       88.24% |   5.7531e-05 |       0.3290 |      1.0000e-04 |
|      27 |         480 |       00:07:42 |      100.00% |       88.24% |   6.9693e-05 |       0.3313 |      1.0000e-04 |
|      28 |         500 |       00:08:01 |      100.00% |              |   3.7775e-05 |              |      1.0000e-04 |
|      29 |         510 |       00:08:12 |      100.00% |       88.24% |   4.5404e-05 |       0.3336 |      1.0000e-04 |
|      30 |         540 |       00:08:41 |      100.00% |       88.24% |   4.4844e-05 |       0.3359 |      1.0000e-04 |
|      31 |         550 |       00:08:51 |      100.00% |              |   4.9534e-05 |              |      1.0000e-04 |
|      32 |         570 |       00:09:11 |      100.00% |       88.24% |   5.6277e-05 |       0.3380 |      1.0000e-04 |
|      34 |         600 |       00:09:40 |      100.00% |       88.24% |   3.6204e-05 |       0.3401 |      1.0000e-04 |
|      35 |         630 |       00:10:10 |      100.00% |       88.24% |   3.6316e-05 |       0.3422 |      1.0000e-04 |
|      37 |         650 |       00:10:29 |      100.00% |              |   3.7238e-05 |              |      1.0000e-04 |
|      37 |         660 |       00:10:39 |      100.00% |       88.24% |   4.6755e-05 |       0.3441 |      1.0000e-04 |
|      39 |         690 |       00:11:08 |      100.00% |       88.24% |   2.9742e-05 |       0.3460 |      1.0000e-04 |
|      39 |         700 |       00:11:17 |      100.00% |              |   1.5120e-05 |              |      1.0000e-04 |
|      40 |         720 |       00:11:37 |      100.00% |       88.24% |   3.0196e-05 |       0.3480 |      1.0000e-04 |
|      42 |         750 |       00:12:06 |      100.00% |       88.24% |   3.9646e-05 |       0.3499 |      1.0000e-04 |
|      44 |         780 |       00:12:36 |      100.00% |       88.24% |   2.5027e-05 |       0.3518 |      1.0000e-04 |
|      45 |         800 |       00:12:55 |      100.00% |              |   5.5502e-05 |              |      1.0000e-04 |
|      45 |         810 |       00:13:05 |      100.00% |       88.24% |   2.5670e-05 |       0.3538 |      1.0000e-04 |
|      47 |         840 |       00:13:34 |      100.00% |       88.24% |   3.4214e-05 |       0.3557 |      1.0000e-04 |
|      48 |         850 |       00:13:44 |      100.00% |              |   3.1329e-05 |              |      1.0000e-04 |
|      49 |         870 |       00:14:03 |      100.00% |       88.24% |   2.1470e-05 |       0.3575 |      1.0000e-04 |
|      50 |         900 |       00:14:33 |      100.00% |       88.24% |   2.2209e-05 |       0.3595 |      1.0000e-04 |
|      52 |         930 |       00:15:02 |      100.00% |       88.24% |   2.9938e-05 |       0.3613 |      1.0000e-04 |
|      53 |         950 |       00:15:21 |      100.00% |              |   1.4611e-05 |              |      1.0000e-04 |
|      54 |         960 |       00:15:31 |      100.00% |       88.24% |   1.8708e-05 |       0.3631 |      1.0000e-04 |
|      55 |         990 |       00:16:01 |      100.00% |       88.24% |   1.9495e-05 |       0.3649 |      1.0000e-04 |
|      56 |        1000 |       00:16:10 |      100.00% |              |   2.1713e-05 |              |      1.0000e-04 |
|      57 |        1020 |       00:16:30 |      100.00% |       88.24% |   2.6529e-05 |       0.3666 |      1.0000e-04 |
|      59 |        1050 |       00:16:59 |      100.00% |       88.24% |   1.6499e-05 |       0.3682 |      1.0000e-04 |
|      60 |        1080 |       00:17:28 |      100.00% |       88.24% |   1.7337e-05 |       0.3699 |      1.0000e-04 |
|      62 |        1100 |       00:17:47 |      100.00% |              |   1.8029e-05 |              |      1.0000e-04 |
|      62 |        1110 |       00:17:57 |      100.00% |       88.24% |   2.3735e-05 |       0.3714 |      1.0000e-04 |
|      64 |        1140 |       00:18:27 |      100.00% |       88.24% |   1.4739e-05 |       0.3730 |      1.0000e-04 |
|      64 |        1150 |       00:18:36 |      100.00% |              |   7.1049e-06 |              |      1.0000e-04 |
|      65 |        1170 |       00:18:56 |      100.00% |       88.24% |   1.5569e-05 |       0.3747 |      1.0000e-04 |
|      67 |        1200 |       00:19:25 |      100.00% |       88.24% |   2.1458e-05 |       0.3763 |      1.0000e-04 |
|      69 |        1230 |       00:19:55 |      100.00% |       88.24% |   1.3296e-05 |       0.3779 |      1.0000e-04 |
|      70 |        1250 |       00:20:14 |      100.00% |              |   3.1667e-05 |              |      1.0000e-04 |
|      70 |        1260 |       00:20:24 |      100.00% |       88.24% |   1.4087e-05 |       0.3796 |      1.0000e-04 |
|      72 |        1290 |       00:20:53 |      100.00% |       88.24% |   1.9531e-05 |       0.3812 |      1.0000e-04 |
|      73 |        1300 |       00:21:03 |      100.00% |              |   1.8084e-05 |              |      1.0000e-04 |
|      74 |        1320 |       00:21:22 |      100.00% |       88.24% |   1.2084e-05 |       0.3828 |      1.0000e-04 |
|      75 |        1350 |       00:21:52 |      100.00% |       88.24% |   1.2843e-05 |       0.3845 |      1.0000e-04 |
|      77 |        1380 |       00:22:21 |      100.00% |       88.24% |   1.7917e-05 |       0.3861 |      1.0000e-04 |
|      78 |        1400 |       00:22:40 |      100.00% |              |   8.2811e-06 |              |      1.0000e-04 |
|      79 |        1410 |       00:22:50 |      100.00% |       88.24% |   1.1083e-05 |       0.3878 |      1.0000e-04 |
|      80 |        1440 |       00:23:20 |      100.00% |       88.24% |   1.1818e-05 |       0.3896 |      1.0000e-04 |
|      81 |        1450 |       00:23:30 |      100.00% |              |   1.3228e-05 |              |      1.0000e-04 |
|      82 |        1470 |       00:23:50 |      100.00% |       88.24% |   1.6538e-05 |       0.3913 |      1.0000e-04 |
|      84 |        1500 |       00:24:19 |      100.00% |       88.24% |   1.0200e-05 |       0.3930 |      1.0000e-04 |
|      85 |        1530 |       00:24:48 |      100.00% |       88.24% |   1.0947e-05 |       0.3949 |      1.0000e-04 |
|      87 |        1550 |       00:25:07 |      100.00% |              |   1.1333e-05 |              |      1.0000e-04 |
|      87 |        1560 |       00:25:17 |      100.00% |       88.24% |   1.5358e-05 |       0.3967 |      1.0000e-04 |
|      89 |        1590 |       00:25:47 |      100.00% |       88.24% |   9.4614e-06 |       0.3986 |      1.0000e-04 |
|      89 |        1600 |       00:25:56 |      100.00% |              |   4.3909e-06 |              |      1.0000e-04 |
|      90 |        1620 |       00:26:16 |      100.00% |       88.24% |   1.0212e-05 |       0.4006 |      1.0000e-04 |
|      92 |        1650 |       00:26:46 |      100.00% |       88.24% |   1.4321e-05 |       0.4025 |      1.0000e-04 |
|      94 |        1680 |       00:27:16 |      100.00% |       86.76% |   8.7818e-06 |       0.4042 |      1.0000e-04 |
|      95 |        1700 |       00:27:35 |      100.00% |              |   2.1792e-05 |              |      1.0000e-04 |
|      95 |        1710 |       00:27:45 |      100.00% |       86.76% |   9.5567e-06 |       0.4062 |      1.0000e-04 |
|      97 |        1740 |       00:28:15 |      100.00% |       86.76% |   1.3411e-05 |       0.4080 |      1.0000e-04 |
|      98 |        1750 |       00:28:24 |      100.00% |              |   1.2613e-05 |              |      1.0000e-04 |
|      99 |        1770 |       00:28:44 |      100.00% |       86.76% |   8.2136e-06 |       0.4098 |      1.0000e-04 |
|     100 |        1800 |       00:29:14 |      100.00% |       86.76% |   8.9884e-06 |       0.4118 |      1.0000e-04 |
|     102 |        1830 |       00:29:43 |      100.00% |       86.76% |   1.2605e-05 |       0.4136 |      1.0000e-04 |
|     103 |        1850 |       00:30:02 |      100.00% |              |   5.6704e-06 |              |      1.0000e-04 |
|     104 |        1860 |       00:30:12 |      100.00% |       86.76% |   7.6930e-06 |       0.4155 |      1.0000e-04 |
|     105 |        1890 |       00:30:41 |      100.00% |       86.76% |   8.4878e-06 |       0.4177 |      1.0000e-04 |
|     106 |        1900 |       00:30:51 |      100.00% |              |   9.4415e-06 |              |      1.0000e-04 |
|     107 |        1920 |       00:31:11 |      100.00% |       86.76% |   1.1909e-05 |       0.4196 |      1.0000e-04 |
|     109 |        1950 |       00:31:40 |      100.00% |       86.76% |   7.2400e-06 |       0.4216 |      1.0000e-04 |
|     110 |        1980 |       00:32:09 |      100.00% |       86.76% |   8.0387e-06 |       0.4238 |      1.0000e-04 |
|     112 |        2000 |       00:32:29 |      100.00% |              |   8.1023e-06 |              |      1.0000e-04 |
|     112 |        2010 |       00:32:39 |      100.00% |       86.76% |   1.1242e-05 |       0.4258 |      1.0000e-04 |
|     114 |        2040 |       00:33:08 |      100.00% |       86.76% |   6.8308e-06 |       0.4279 |      1.0000e-04 |
|     114 |        2050 |       00:33:18 |      100.00% |              |   3.1074e-06 |              |      1.0000e-04 |
|     115 |        2070 |       00:33:37 |      100.00% |       86.76% |   7.6453e-06 |       0.4303 |      1.0000e-04 |
|     117 |        2100 |       00:34:07 |      100.00% |       86.76% |   1.0681e-05 |       0.4325 |      1.0000e-04 |
|     119 |        2130 |       00:34:36 |      100.00% |       86.76% |   6.4572e-06 |       0.4348 |      1.0000e-04 |
|     120 |        2150 |       00:34:55 |      100.00% |              |   1.6594e-05 |              |      1.0000e-04 |
|     120 |        2160 |       00:35:05 |      100.00% |       86.76% |   7.2678e-06 |       0.4373 |      1.0000e-04 |
|     122 |        2190 |       00:35:34 |      100.00% |       86.76% |   1.0165e-05 |       0.4399 |      1.0000e-04 |
|     123 |        2200 |       00:35:44 |      100.00% |              |   9.7912e-06 |              |      1.0000e-04 |
|     124 |        2220 |       00:36:03 |      100.00% |       86.76% |   6.1354e-06 |       0.4423 |      1.0000e-04 |
|     125 |        2250 |       00:36:33 |      100.00% |       86.76% |   6.9619e-06 |       0.4450 |      1.0000e-04 |
|     127 |        2280 |       00:37:02 |      100.00% |       86.76% |   9.6838e-06 |       0.4475 |      1.0000e-04 |
|     128 |        2300 |       00:37:21 |      100.00% |              |   4.2320e-06 |              |      1.0000e-04 |
|     129 |        2310 |       00:37:32 |      100.00% |       86.76% |   5.8016e-06 |       0.4501 |      1.0000e-04 |
|     130 |        2340 |       00:38:01 |      100.00% |       86.76% |   6.6638e-06 |       0.4529 |      1.0000e-04 |
|     131 |        2350 |       00:38:10 |      100.00% |              |   7.3871e-06 |              |      1.0000e-04 |
|     132 |        2370 |       00:38:30 |      100.00% |       86.76% |   9.2507e-06 |       0.4555 |      1.0000e-04 |
|     134 |        2400 |       00:38:59 |      100.00% |       86.76% |   5.5075e-06 |       0.4579 |      1.0000e-04 |
|     135 |        2430 |       00:39:28 |      100.00% |       86.76% |   6.3698e-06 |       0.4605 |      1.0000e-04 |
|     137 |        2450 |       00:39:46 |      100.00% |              |   6.2267e-06 |              |      1.0000e-04 |
|     137 |        2460 |       00:39:57 |      100.00% |       86.76% |   8.8295e-06 |       0.4628 |      1.0000e-04 |
|     139 |        2490 |       00:40:25 |      100.00% |       86.76% |   5.2532e-06 |       0.4650 |      1.0000e-04 |
|     139 |        2500 |       00:40:35 |      100.00% |              |   2.3405e-06 |              |      1.0000e-04 |
|     140 |        2520 |       00:40:54 |      100.00% |       86.76% |   6.1194e-06 |       0.4675 |      1.0000e-04 |
|     142 |        2550 |       00:41:24 |      100.00% |       86.76% |   8.4401e-06 |       0.4697 |      1.0000e-04 |
|     144 |        2580 |       00:41:53 |      100.00% |       86.76% |   5.0148e-06 |       0.4720 |      1.0000e-04 |
|     145 |        2600 |       00:42:11 |      100.00% |              |   1.3316e-05 |              |      1.0000e-04 |
|     145 |        2610 |       00:42:22 |      100.00% |       86.76% |   5.8612e-06 |       0.4746 |      1.0000e-04 |
|     147 |        2640 |       00:42:51 |      100.00% |       86.76% |   8.0944e-06 |       0.4769 |      1.0000e-04 |
|     148 |        2650 |       00:43:01 |      100.00% |              |   7.9791e-06 |              |      1.0000e-04 |
|     149 |        2670 |       00:43:20 |      100.00% |       86.76% |   4.8002e-06 |       0.4793 |      1.0000e-04 |
|     150 |        2700 |       00:43:49 |      100.00% |       86.76% |   5.6466e-06 |       0.4819 |      1.0000e-04 |
|     152 |        2730 |       00:44:19 |      100.00% |       86.76% |   7.7526e-06 |       0.4842 |      1.0000e-04 |
|     153 |        2750 |       00:44:38 |      100.00% |              |   3.1948e-06 |              |      1.0000e-04 |
|     154 |        2760 |       00:44:48 |      100.00% |       86.76% |   4.5816e-06 |       0.4865 |      1.0000e-04 |
|     155 |        2790 |       00:45:17 |      100.00% |       86.76% |   5.4161e-06 |       0.4891 |      1.0000e-04 |
|     156 |        2800 |       00:45:27 |      100.00% |              |   5.9923e-06 |              |      1.0000e-04 |
|     157 |        2820 |       00:45:47 |      100.00% |       86.76% |   7.4347e-06 |       0.4915 |      1.0000e-04 |
|     159 |        2850 |       00:46:16 |      100.00% |       86.76% |   4.3830e-06 |       0.4939 |      1.0000e-04 |
|     160 |        2880 |       00:46:45 |      100.00% |       86.76% |   5.1975e-06 |       0.4965 |      1.0000e-04 |
|     162 |        2900 |       00:47:04 |      100.00% |              |   4.9512e-06 |              |      1.0000e-04 |
|     162 |        2910 |       00:47:14 |      100.00% |       86.76% |   7.1367e-06 |       0.4989 |      1.0000e-04 |
|     164 |        2940 |       00:47:43 |      100.00% |       86.76% |   4.1962e-06 |       0.5014 |      1.0000e-04 |
|     164 |        2950 |       00:47:53 |      100.00% |              |   1.8597e-06 |              |      1.0000e-04 |
|     165 |        2970 |       00:48:13 |      100.00% |       86.76% |   4.9909e-06 |       0.5043 |      1.0000e-04 |
|     167 |        3000 |       00:48:42 |      100.00% |       86.76% |   6.8387e-06 |       0.5070 |      1.0000e-04 |
|     169 |        3030 |       00:49:12 |      100.00% |       86.76% |   4.0134e-06 |       0.5097 |      1.0000e-04 |
|     170 |        3050 |       00:49:31 |      100.00% |              |   1.0900e-05 |              |      1.0000e-04 |
|     170 |        3060 |       00:49:41 |      100.00% |       86.76% |   4.7724e-06 |       0.5128 |      1.0000e-04 |
|     172 |        3090 |       00:50:10 |      100.00% |       86.76% |   6.5565e-06 |       0.5156 |      1.0000e-04 |
|     173 |        3100 |       00:50:20 |      100.00% |              |   6.5764e-06 |              |      1.0000e-04 |
|     174 |        3120 |       00:50:40 |      100.00% |       86.76% |   3.8227e-06 |       0.5185 |      1.0000e-04 |
|     175 |        3150 |       00:51:09 |      100.00% |       86.76% |   4.5697e-06 |       0.5219 |      1.0000e-04 |
|     177 |        3180 |       00:51:38 |      100.00% |       86.76% |   6.2903e-06 |       0.5249 |      1.0000e-04 |
|     178 |        3200 |       00:51:57 |      100.00% |              |   2.3683e-06 |              |      1.0000e-04 |
|     179 |        3210 |       00:52:08 |      100.00% |       86.76% |   3.6677e-06 |       0.5283 |      1.0000e-04 |
|     180 |        3240 |       00:52:37 |      100.00% |       86.76% |   4.3790e-06 |       0.5323 |      1.0000e-04 |
|     181 |        3250 |       00:52:47 |      100.00% |              |   4.8399e-06 |              |      1.0000e-04 |
|     182 |        3270 |       00:53:06 |      100.00% |       86.76% |   6.0161e-06 |       0.5362 |      1.0000e-04 |
|     184 |        3300 |       00:53:35 |      100.00% |       86.76% |   3.5246e-06 |       0.5401 |      1.0000e-04 |
|     185 |        3330 |       00:54:04 |      100.00% |       83.82% |   4.1803e-06 |       0.5445 |      1.0000e-04 |
|     187 |        3350 |       00:54:23 |      100.00% |              |   3.8703e-06 |              |      1.0000e-04 |
|     187 |        3360 |       00:54:34 |      100.00% |       83.82% |   5.7539e-06 |       0.5484 |      1.0000e-04 |
|     189 |        3390 |       00:55:03 |      100.00% |       83.82% |   3.3736e-06 |       0.5522 |      1.0000e-04 |
|     189 |        3400 |       00:55:12 |      100.00% |              |   1.4424e-06 |              |      1.0000e-04 |
|     190 |        3420 |       00:55:32 |      100.00% |       83.82% |   4.0015e-06 |       0.5564 |      1.0000e-04 |
|     192 |        3450 |       00:56:01 |      100.00% |       83.82% |   5.4995e-06 |       0.5604 |      1.0000e-04 |
|     194 |        3480 |       00:56:31 |      100.00% |       83.82% |   3.2147e-06 |       0.5643 |      1.0000e-04 |
|     195 |        3500 |       00:56:50 |      100.00% |              |   8.7222e-06 |              |      1.0000e-04 |
|     195 |        3510 |       00:57:01 |      100.00% |       83.82% |   3.8147e-06 |       0.5688 |      1.0000e-04 |
|     197 |        3540 |       00:57:30 |      100.00% |       83.82% |   5.2413e-06 |       0.5725 |      1.0000e-04 |
|     198 |        3550 |       00:57:39 |      100.00% |              |   5.4519e-06 |              |      1.0000e-04 |
|     199 |        3570 |       00:57:59 |      100.00% |       83.82% |   3.0716e-06 |       0.5760 |      1.0000e-04 |
|     200 |        3600 |       00:58:29 |      100.00% |       83.82% |   3.6240e-06 |       0.5805 |      1.0000e-04 |
|======================================================================================================================|

accuracy =

     1

