
                            < M A T L A B (R) >
                  Copyright 1984-2020 The MathWorks, Inc.
              R2020a Update 2 (9.8.0.1380330) 64-bit (glnxa64)
                                May 5, 2020

 
To get started, type doc.
For product information, visit www.mathworks.com.
 
[Warning: Column headers from the file were modified to make them valid MATLAB
identifiers before creating variable names for the table. The original column
headers are saved in the VariableDescriptions property.
Set 'PreserveVariableNames' to true to use the original column headers as table
variable names.] 
Training on single GPU.
Initializing input data normalization.
|======================================================================================================================|
|  Epoch  |  Iteration  |  Time Elapsed  |  Mini-batch  |  Validation  |  Mini-batch  |  Validation  |  Base Learning  |
|         |             |   (hh:mm:ss)   |   Accuracy   |   Accuracy   |     Loss     |     Loss     |      Rate       |
|======================================================================================================================|
|       1 |           1 |       00:00:06 |       40.00% |       36.76% |       0.7496 |       0.7304 |      1.0000e-04 |
|       1 |          30 |       00:01:47 |       80.00% |       86.76% |       0.3729 |       0.3154 |      1.0000e-04 |
|       1 |          50 |       00:02:54 |      100.00% |              |       0.0178 |              |      1.0000e-04 |
|       2 |          60 |       00:03:31 |      100.00% |       85.29% |       0.0878 |       0.3010 |      1.0000e-04 |
|       2 |          90 |       00:05:16 |      100.00% |       89.71% |       0.0189 |       0.2425 |      1.0000e-04 |
|       2 |         100 |       00:05:50 |      100.00% |              |       0.0161 |              |      1.0000e-04 |
|       3 |         120 |       00:07:02 |      100.00% |       79.41% |       0.0470 |       0.3278 |      1.0000e-04 |
|       3 |         150 |       00:08:55 |      100.00% |       83.82% |       0.0059 |       0.3286 |      1.0000e-04 |
|       4 |         180 |       00:10:44 |      100.00% |       88.24% |       0.0014 |       0.2902 |      1.0000e-04 |
|       4 |         200 |       00:11:53 |      100.00% |              |       0.0039 |              |      1.0000e-04 |
|       4 |         210 |       00:12:30 |      100.00% |       88.24% |       0.0016 |       0.2813 |      1.0000e-04 |
|       5 |         240 |       00:14:17 |      100.00% |       89.71% |       0.0013 |       0.2547 |      1.0000e-04 |
|       5 |         250 |       00:14:51 |      100.00% |              |       0.0013 |              |      1.0000e-04 |
|       5 |         270 |       00:16:04 |      100.00% |       89.71% |       0.0030 |       0.1743 |      1.0000e-04 |
|       6 |         300 |       00:17:51 |      100.00% |       89.71% |       0.0001 |       0.5501 |      1.0000e-04 |
|       6 |         330 |       00:19:38 |      100.00% |       91.18% |       0.0010 |       0.1799 |      1.0000e-04 |
|       7 |         350 |       00:20:49 |      100.00% |              |       0.0001 |              |      1.0000e-04 |
|       7 |         360 |       00:21:29 |      100.00% |       91.18% |       0.0007 |       0.2273 |      1.0000e-04 |
|       7 |         390 |       00:23:20 |      100.00% |       92.65% |       0.0006 |       0.1583 |      1.0000e-04 |
|       8 |         400 |       00:23:55 |      100.00% |              |       0.0002 |              |      1.0000e-04 |
|       8 |         420 |       00:25:08 |      100.00% |       92.65% |       0.0003 |       0.1596 |      1.0000e-04 |
|       9 |         450 |       00:26:59 |      100.00% |       92.65% |       0.0001 |       0.1624 |      1.0000e-04 |
|       9 |         480 |       00:28:54 |      100.00% |       92.65% |   4.2119e-05 |       0.1642 |      1.0000e-04 |
|       9 |         500 |       00:30:08 |      100.00% |              |   3.6345e-05 |              |      1.0000e-04 |
|      10 |         510 |       00:30:45 |      100.00% |       92.65% |       0.0005 |       0.1647 |      1.0000e-04 |
|      10 |         540 |       00:32:32 |      100.00% |       92.65% |   1.7453e-05 |       0.1657 |      1.0000e-04 |
|      10 |         550 |       00:33:07 |      100.00% |              |       0.0001 |              |      1.0000e-04 |
|      11 |         570 |       00:34:20 |      100.00% |       92.65% |   9.5562e-05 |       0.1655 |      1.0000e-04 |
|      11 |         600 |       00:36:06 |      100.00% |       92.65% |       0.0001 |       0.1663 |      1.0000e-04 |
|      12 |         630 |       00:37:53 |      100.00% |       92.65% |   1.0574e-05 |       0.1658 |      1.0000e-04 |
|      12 |         650 |       00:39:02 |      100.00% |              |   7.5937e-05 |              |      1.0000e-04 |
|      12 |         660 |       00:39:39 |      100.00% |       92.65% |   5.5314e-06 |       0.1665 |      1.0000e-04 |
|      13 |         690 |       00:41:26 |      100.00% |       92.65% |   8.4521e-06 |       0.1670 |      1.0000e-04 |
|      13 |         700 |       00:42:00 |      100.00% |              |   6.8398e-05 |              |      1.0000e-04 |
|      13 |         720 |       00:43:13 |      100.00% |       92.65% |   5.1973e-05 |       0.1667 |      1.0000e-04 |
|      14 |         750 |       00:44:59 |      100.00% |       92.65% |   3.8597e-05 |       0.1656 |      1.0000e-04 |
|      14 |         780 |       00:46:48 |      100.00% |       92.65% |   1.4592e-05 |       0.1663 |      1.0000e-04 |
|      15 |         800 |       00:47:59 |      100.00% |              |   6.7304e-05 |              |      1.0000e-04 |
|      15 |         810 |       00:48:38 |      100.00% |       92.65% |   4.0701e-05 |       0.1653 |      1.0000e-04 |
|      15 |         840 |       00:50:25 |      100.00% |       92.65% |       0.0003 |       0.1658 |      1.0000e-04 |
|      16 |         850 |       00:51:00 |      100.00% |              |   3.8998e-05 |              |      1.0000e-04 |
|      16 |         870 |       00:52:12 |      100.00% |       92.65% |   2.0314e-05 |       0.1649 |      1.0000e-04 |
|      17 |         900 |       00:54:00 |      100.00% |       92.65% |   5.1976e-06 |       0.1650 |      1.0000e-04 |
|      17 |         930 |       00:55:48 |      100.00% |       92.65% |   4.9057e-05 |       0.1651 |      1.0000e-04 |
|      17 |         950 |       00:56:58 |      100.00% |              |       0.0001 |              |      1.0000e-04 |
|      18 |         960 |       00:57:35 |      100.00% |       92.65% |   5.8082e-05 |       0.1640 |      1.0000e-04 |
|      18 |         990 |       00:59:23 |      100.00% |       92.65% |   9.1078e-06 |       0.1637 |      1.0000e-04 |
|      18 |        1000 |       00:59:58 |      100.00% |              |   3.4322e-05 |              |      1.0000e-04 |
|      19 |        1020 |       01:01:11 |      100.00% |       92.65% |   1.9420e-05 |       0.1668 |      1.0000e-04 |
|      19 |        1050 |       01:02:59 |      100.00% |       92.65% |   2.2173e-06 |       0.1643 |      1.0000e-04 |
|      20 |        1080 |       01:04:47 |      100.00% |       92.65% |   4.0652e-05 |       0.1671 |      1.0000e-04 |
|      20 |        1100 |       01:05:57 |      100.00% |              |   8.2852e-06 |              |      1.0000e-04 |
|      20 |        1110 |       01:06:35 |      100.00% |       92.65% |   3.8793e-05 |       0.1659 |      1.0000e-04 |
|      21 |        1140 |       01:08:22 |      100.00% |       92.65% |   2.4200e-06 |       0.1672 |      1.0000e-04 |
|      21 |        1150 |       01:08:56 |      100.00% |              |   1.3399e-05 |              |      1.0000e-04 |
|      21 |        1170 |       01:10:08 |      100.00% |       94.12% |   9.6203e-06 |       0.1633 |      1.0000e-04 |
|      22 |        1200 |       01:11:55 |      100.00% |       94.12% |   3.3411e-05 |       0.1691 |      1.0000e-04 |
|      22 |        1230 |       01:13:42 |      100.00% |       94.12% |   8.0932e-05 |       0.1638 |      1.0000e-04 |
|      23 |        1250 |       01:14:53 |      100.00% |              |   4.3631e-06 |              |      1.0000e-04 |
|      23 |        1260 |       01:15:33 |      100.00% |       92.65% |   2.0016e-05 |       0.1650 |      1.0000e-04 |
|      24 |        1290 |       01:17:28 |      100.00% |       92.65% |   7.8799e-06 |       0.1634 |      1.0000e-04 |
|      24 |        1300 |       01:18:05 |      100.00% |              |   1.3483e-05 |              |      1.0000e-04 |
|      24 |        1320 |       01:19:21 |      100.00% |       92.65% |   1.4806e-05 |       0.1710 |      1.0000e-04 |
|      25 |        1350 |       01:21:08 |      100.00% |       92.65% |       0.0001 |       0.1665 |      1.0000e-04 |
|      25 |        1380 |       01:22:57 |      100.00% |       92.65% |   7.2719e-06 |       0.1691 |      1.0000e-04 |
|      25 |        1400 |       01:24:08 |      100.00% |              |       0.0001 |              |      1.0000e-04 |
|      26 |        1410 |       01:24:46 |      100.00% |       92.65% |   1.3471e-05 |       0.1684 |      1.0000e-04 |
|      26 |        1440 |       01:26:32 |      100.00% |       92.65% |   3.0542e-05 |       0.1791 |      1.0000e-04 |
|      26 |        1450 |       01:27:07 |      100.00% |              |   8.2971e-06 |              |      1.0000e-04 |
|      27 |        1470 |       01:28:19 |      100.00% |       94.12% |   3.8386e-06 |       0.1707 |      1.0000e-04 |
|      27 |        1500 |       01:30:07 |      100.00% |       94.12% |   1.7047e-06 |       0.1735 |      1.0000e-04 |
|      28 |        1530 |       01:31:57 |      100.00% |       92.65% |   3.2306e-06 |       0.1734 |      1.0000e-04 |
|      28 |        1550 |       01:33:07 |      100.00% |              |   4.0174e-06 |              |      1.0000e-04 |
|      28 |        1560 |       01:33:45 |      100.00% |       92.65% |   2.3974e-05 |       0.1781 |      1.0000e-04 |
|      29 |        1590 |       01:35:33 |      100.00% |       94.12% |   7.8441e-06 |       0.1728 |      1.0000e-04 |
|      29 |        1600 |       01:36:08 |      100.00% |              |   1.2481e-05 |              |      1.0000e-04 |
|      29 |        1620 |       01:37:22 |      100.00% |       92.65% |   4.1366e-06 |       0.1782 |      1.0000e-04 |
|      30 |        1650 |       01:39:09 |      100.00% |       94.12% |   8.9885e-06 |       0.1809 |      1.0000e-04 |
|      30 |        1680 |       01:40:59 |      100.00% |       92.65% |       0.0001 |       0.1776 |      1.0000e-04 |
|      31 |        1700 |       01:42:10 |      100.00% |              |   1.5259e-06 |              |      1.0000e-04 |
|      31 |        1710 |       01:42:48 |      100.00% |       92.65% |   6.6877e-06 |       0.1922 |      1.0000e-04 |
|      32 |        1740 |       01:44:35 |      100.00% |       94.12% |   2.9326e-06 |       0.1700 |      1.0000e-04 |
|      32 |        1750 |       01:45:10 |      100.00% |              |   3.1114e-06 |              |      1.0000e-04 |
|      32 |        1770 |       01:46:23 |      100.00% |       92.65% |   2.1506e-05 |       0.1762 |      1.0000e-04 |
|      33 |        1800 |       01:48:11 |      100.00% |       94.12% |   2.1017e-05 |       0.1665 |      1.0000e-04 |
|      33 |        1830 |       01:49:59 |      100.00% |       92.65% |   2.0862e-06 |       0.1807 |      1.0000e-04 |
|      34 |        1850 |       01:51:09 |      100.00% |              |   3.5644e-06 |              |      1.0000e-04 |
|      34 |        1860 |       01:51:46 |      100.00% |       94.12% |   6.1870e-06 |       0.1707 |      1.0000e-04 |
|      34 |        1890 |       01:53:33 |      100.00% |       92.65% |   2.8491e-06 |       0.1842 |      1.0000e-04 |
|      34 |        1900 |       01:54:07 |      100.00% |              |   2.8730e-06 |              |      1.0000e-04 |
|      35 |        1920 |       01:55:20 |      100.00% |       94.12% |   1.6666e-05 |       0.1693 |      1.0000e-04 |
|      35 |        1950 |       01:57:06 |      100.00% |       92.65% |   1.6511e-05 |       0.1790 |      1.0000e-04 |
|      36 |        1980 |       01:58:53 |      100.00% |       94.12% |   1.2517e-06 |       0.1648 |      1.0000e-04 |
|      36 |        2000 |       02:00:02 |      100.00% |              |   1.2446e-05 |              |      1.0000e-04 |
|      36 |        2010 |       02:00:39 |      100.00% |       92.65% |   4.3035e-06 |       0.1730 |      1.0000e-04 |
|      37 |        2040 |       02:02:27 |      100.00% |       94.12% |   1.1957e-05 |       0.1761 |      1.0000e-04 |
|      37 |        2050 |       02:03:02 |      100.00% |              |   2.0480e-05 |              |      1.0000e-04 |
|      37 |        2070 |       02:04:14 |      100.00% |       92.65% |   4.9736e-05 |       0.1679 |      1.0000e-04 |
|      38 |        2100 |       02:06:02 |      100.00% |       94.12% |   7.8202e-06 |       0.1603 |      1.0000e-04 |
|      39 |        2130 |       02:07:50 |      100.00% |       92.65% |   2.8014e-06 |       0.1676 |      1.0000e-04 |
|      39 |        2150 |       02:09:01 |      100.00% |              |   5.0426e-06 |              |      1.0000e-04 |
|      39 |        2160 |       02:09:39 |      100.00% |       94.12% |   9.7037e-06 |       0.1693 |      1.0000e-04 |
|      40 |        2190 |       02:11:27 |      100.00% |       94.12% |   5.3671e-05 |       0.1600 |      1.0000e-04 |
|      40 |        2200 |       02:12:03 |      100.00% |              |   1.7774e-05 |              |      1.0000e-04 |
|      40 |        2220 |       02:13:16 |      100.00% |       94.12% |   4.3989e-06 |       0.1665 |      1.0000e-04 |
|      41 |        2250 |       02:15:04 |      100.00% |       94.12% |   4.3035e-06 |       0.1574 |      1.0000e-04 |
|      41 |        2280 |       02:16:52 |      100.00% |       94.12% |   1.0347e-05 |       0.1737 |      1.0000e-04 |
|      42 |        2300 |       02:18:02 |      100.00% |              |   2.6703e-06 |              |      1.0000e-04 |
|      42 |        2310 |       02:18:40 |      100.00% |       94.12% |   2.6822e-06 |       0.1645 |      1.0000e-04 |
|      42 |        2340 |       02:20:30 |      100.00% |       94.12% |   1.0133e-06 |       0.1687 |      1.0000e-04 |
|      42 |        2350 |       02:21:04 |      100.00% |              |   4.4192e-05 |              |      1.0000e-04 |
|      43 |        2370 |       02:22:16 |      100.00% |       94.12% |   1.5378e-06 |       0.1617 |      1.0000e-04 |
|      43 |        2400 |       02:24:03 |      100.00% |       94.12% |   1.5986e-05 |       0.1600 |      1.0000e-04 |
|      44 |        2430 |       02:25:50 |      100.00% |       94.12% |   4.1604e-06 |       0.1628 |      1.0000e-04 |
|      44 |        2450 |       02:27:00 |      100.00% |              |   2.7180e-06 |              |      1.0000e-04 |
|      44 |        2460 |       02:27:38 |      100.00% |       94.12% |   1.7762e-06 |       0.1514 |      1.0000e-04 |
|      45 |        2490 |       02:29:25 |      100.00% |       94.12% |   3.9101e-06 |       0.1516 |      1.0000e-04 |
|      45 |        2500 |       02:30:00 |      100.00% |              |   3.3140e-06 |              |      1.0000e-04 |
|      45 |        2520 |       02:31:13 |      100.00% |       94.12% |   6.6260e-05 |       0.1427 |      1.0000e-04 |
|      46 |        2550 |       02:33:01 |      100.00% |       94.12% |   5.1022e-06 |       0.1599 |      1.0000e-04 |
|      47 |        2580 |       02:34:50 |      100.00% |       94.12% |   2.4915e-06 |       0.1393 |      1.0000e-04 |
|      47 |        2600 |       02:36:02 |      100.00% |              |   9.5369e-06 |              |      1.0000e-04 |
|      47 |        2610 |       02:36:40 |      100.00% |       94.12% |   1.6248e-05 |       0.1521 |      1.0000e-04 |
|      48 |        2640 |       02:38:29 |      100.00% |       94.12% |   1.5664e-05 |       0.1468 |      1.0000e-04 |
|      48 |        2650 |       02:39:03 |      100.00% |              |   1.2755e-06 |              |      1.0000e-04 |
|      48 |        2670 |       02:40:16 |      100.00% |       94.12% |   1.2398e-06 |       0.1667 |      1.0000e-04 |
|      49 |        2700 |       02:42:04 |      100.00% |       94.12% |   2.8372e-06 |       0.1348 |      1.0000e-04 |
|      49 |        2730 |       02:43:55 |      100.00% |       94.12% |   1.8239e-06 |       0.1469 |      1.0000e-04 |
|      50 |        2750 |       02:45:08 |      100.00% |              |   4.0914e-05 |              |      1.0000e-04 |
|      50 |        2760 |       02:45:49 |      100.00% |       95.59% |   1.6165e-05 |       0.1376 |      1.0000e-04 |
|      50 |        2790 |       02:47:43 |      100.00% |       95.59% |   1.1540e-05 |       0.1354 |      1.0000e-04 |
|      50 |        2800 |       02:48:18 |      100.00% |              |   5.9059e-05 |              |      1.0000e-04 |
|      51 |        2820 |       02:49:32 |      100.00% |       94.12% |   7.7486e-07 |       0.1328 |      1.0000e-04 |
|      51 |        2850 |       02:51:19 |      100.00% |       94.12% |   2.1815e-06 |       0.1354 |      1.0000e-04 |
|      52 |        2880 |       02:53:07 |      100.00% |       95.59% |   7.8202e-06 |       0.1226 |      1.0000e-04 |
|      52 |        2900 |       02:54:18 |      100.00% |              |   1.3471e-06 |              |      1.0000e-04 |
|      52 |        2910 |       02:54:56 |      100.00% |       95.59% |   4.5373e-05 |       0.1263 |      1.0000e-04 |
|      53 |        2940 |       02:56:43 |      100.00% |       95.59% |   6.1989e-06 |       0.1383 |      1.0000e-04 |
|      53 |        2950 |       02:57:18 |      100.00% |              |   1.2636e-06 |              |      1.0000e-04 |
|      54 |        2970 |       02:58:32 |      100.00% |       95.59% |   2.0504e-06 |       0.1306 |      1.0000e-04 |
|      54 |        3000 |       03:00:20 |      100.00% |       95.59% |   7.2122e-06 |       0.1263 |      1.0000e-04 |
|      55 |        3030 |       03:02:08 |      100.00% |       95.59% |   4.6839e-05 |       0.1325 |      1.0000e-04 |
|      55 |        3050 |       03:03:20 |      100.00% |              |   3.1948e-06 |              |      1.0000e-04 |
|      55 |        3060 |       03:03:58 |      100.00% |       95.59% |   1.9431e-06 |       0.1472 |      1.0000e-04 |
|      56 |        3090 |       03:05:49 |      100.00% |       95.59% |   2.1339e-06 |       0.1432 |      1.0000e-04 |
|      56 |        3100 |       03:06:25 |      100.00% |              |   8.3447e-07 |              |      1.0000e-04 |
|      56 |        3120 |       03:07:38 |      100.00% |       95.59% |   1.1814e-05 |       0.1505 |      1.0000e-04 |
|      57 |        3150 |       03:09:26 |      100.00% |       95.59% |   2.1815e-06 |       0.1276 |      1.0000e-04 |
|      57 |        3180 |       03:11:13 |      100.00% |       95.59% |   9.6560e-07 |       0.1316 |      1.0000e-04 |
|      58 |        3200 |       03:12:22 |      100.00% |              |   1.3435e-05 |              |      1.0000e-04 |
|      58 |        3210 |       03:13:00 |      100.00% |       95.59% |   9.2983e-07 |       0.1473 |      1.0000e-04 |
|      58 |        3240 |       03:14:47 |      100.00% |       95.59% |   1.2100e-05 |       0.1449 |      1.0000e-04 |
|      59 |        3250 |       03:15:23 |      100.00% |              |   1.1563e-06 |              |      1.0000e-04 |
|      59 |        3270 |       03:16:38 |      100.00% |       95.59% |   2.1100e-06 |       0.1385 |      1.0000e-04 |
|      59 |        3300 |       03:18:26 |      100.00% |       95.59% |   1.2994e-06 |       0.1160 |      1.0000e-04 |
|      60 |        3330 |       03:20:13 |      100.00% |       95.59% |   2.5630e-06 |       0.1251 |      1.0000e-04 |
|      60 |        3350 |       03:21:24 |      100.00% |              |   1.0061e-05 |              |      1.0000e-04 |
|      60 |        3360 |       03:22:02 |      100.00% |       95.59% |   4.5170e-05 |       0.1288 |      1.0000e-04 |
|      61 |        3390 |       03:23:52 |      100.00% |       95.59% |   3.9101e-06 |       0.1311 |      1.0000e-04 |
|      61 |        3400 |       03:24:27 |      100.00% |              |   7.6652e-06 |              |      1.0000e-04 |
|      62 |        3420 |       03:25:40 |      100.00% |       95.59% |   2.3007e-06 |       0.1297 |      1.0000e-04 |
|      62 |        3450 |       03:27:29 |      100.00% |       95.59% |   1.4985e-05 |       0.1394 |      1.0000e-04 |
|      63 |        3480 |       03:29:16 |      100.00% |       92.65% |   1.2529e-05 |       0.1416 |      1.0000e-04 |
|      63 |        3500 |       03:30:26 |      100.00% |              |   6.6877e-06 |              |      1.0000e-04 |
|      63 |        3510 |       03:31:04 |      100.00% |       94.12% |   1.3113e-06 |       0.1602 |      1.0000e-04 |
|      64 |        3540 |       03:32:52 |      100.00% |       95.59% |   2.6703e-06 |       0.1181 |      1.0000e-04 |
|      64 |        3550 |       03:33:27 |      100.00% |              |   1.7643e-06 |              |      1.0000e-04 |
|      64 |        3570 |       03:34:39 |      100.00% |       95.59% |   2.2411e-06 |       0.1299 |      1.0000e-04 |
|      65 |        3600 |       03:36:26 |      100.00% |       94.12% |   1.6594e-05 |       0.1478 |      1.0000e-04 |
|      65 |        3630 |       03:38:13 |      100.00% |       94.12% |   1.1480e-05 |       0.1397 |      1.0000e-04 |
|      66 |        3650 |       03:39:22 |      100.00% |              |   2.5511e-06 |              |      1.0000e-04 |
|      66 |        3660 |       03:39:59 |      100.00% |       94.12% |   1.0848e-06 |       0.1562 |      1.0000e-04 |
|      66 |        3690 |       03:41:49 |      100.00% |       92.65% |   2.0504e-06 |       0.1564 |      1.0000e-04 |
|      67 |        3700 |       03:42:25 |      100.00% |              |   3.2187e-06 |              |      1.0000e-04 |
|      67 |        3720 |       03:43:40 |      100.00% |       91.18% |   6.6043e-06 |       0.2661 |      1.0000e-04 |
|      67 |        3750 |       03:45:28 |      100.00% |       91.18% |   2.9553e-05 |       0.2190 |      1.0000e-04 |
|      68 |        3780 |       03:47:15 |      100.00% |       92.65% |   1.4234e-05 |       0.1744 |      1.0000e-04 |
|      68 |        3800 |       03:48:24 |      100.00% |              |   9.7515e-06 |              |      1.0000e-04 |
|      69 |        3810 |       03:49:02 |      100.00% |       92.65% |   1.5974e-06 |       0.1639 |      1.0000e-04 |
|      69 |        3840 |       03:50:51 |      100.00% |       95.59% |   3.5405e-06 |       0.1501 |      1.0000e-04 |
|      69 |        3850 |       03:51:27 |      100.00% |              |   2.1458e-06 |              |      1.0000e-04 |
|      70 |        3870 |       03:52:43 |      100.00% |       92.65% |   3.4393e-05 |       0.1582 |      1.0000e-04 |
|      70 |        3900 |       03:54:33 |      100.00% |       92.65% |   1.7047e-06 |       0.1725 |      1.0000e-04 |
|      71 |        3930 |       03:56:22 |      100.00% |       91.18% |   1.5974e-06 |       0.1607 |      1.0000e-04 |
|      71 |        3950 |       03:57:32 |      100.00% |              |   3.5048e-06 |              |      1.0000e-04 |
|      71 |        3960 |       03:58:10 |      100.00% |       91.18% |   7.0096e-06 |       0.1641 |      1.0000e-04 |
|      72 |        3990 |       03:59:58 |      100.00% |       92.65% |   2.3007e-06 |       0.1726 |      1.0000e-04 |
|      72 |        4000 |       04:00:33 |      100.00% |              |   3.5048e-06 |              |      1.0000e-04 |
|      72 |        4020 |       04:01:46 |      100.00% |       91.18% |   8.7023e-07 |       0.1731 |      1.0000e-04 |
|      73 |        4050 |       04:03:34 |      100.00% |       92.65% |   5.3644e-07 |       0.1798 |      1.0000e-04 |
|      73 |        4080 |       04:05:24 |      100.00% |       91.18% |   8.3566e-06 |       0.1768 |      1.0000e-04 |
|      74 |        4100 |       04:06:35 |      100.00% |              |   1.3351e-06 |              |      1.0000e-04 |
|      74 |        4110 |       04:07:13 |      100.00% |       91.18% |   1.0848e-06 |       0.1953 |      1.0000e-04 |
|      74 |        4140 |       04:09:03 |      100.00% |       91.18% |   1.2636e-06 |       0.1887 |      1.0000e-04 |
|      75 |        4150 |       04:09:39 |      100.00% |              |   3.2449e-05 |              |      1.0000e-04 |
|      75 |        4170 |       04:10:53 |      100.00% |       91.18% |   1.0729e-06 |       0.1684 |      1.0000e-04 |
|      75 |        4200 |       04:12:41 |      100.00% |       91.18% |   4.5468e-05 |       0.1879 |      1.0000e-04 |
|      76 |        4230 |       04:14:28 |      100.00% |       91.18% |   2.8491e-06 |       0.1661 |      1.0000e-04 |
|      76 |        4250 |       04:15:38 |      100.00% |              |   4.6731e-06 |              |      1.0000e-04 |
|      77 |        4260 |       04:16:16 |      100.00% |       75.00% |   1.1683e-05 |       1.9837 |      1.0000e-04 |
|      77 |        4290 |       04:18:04 |       80.00% |       86.76% |       0.5135 |       0.2983 |      1.0000e-04 |
|      77 |        4300 |       04:18:40 |       90.00% |              |       0.1494 |              |      1.0000e-04 |
|      78 |        4320 |       04:19:54 |       90.00% |       77.94% |       0.2603 |       0.3781 |      1.0000e-04 |
|      78 |        4350 |       04:21:42 |      100.00% |       89.71% |       0.0714 |       0.1862 |      1.0000e-04 |
|      79 |        4380 |       04:23:30 |      100.00% |       95.59% |       0.0012 |       0.1168 |      1.0000e-04 |
|      79 |        4400 |       04:24:40 |      100.00% |              |       0.0095 |              |      1.0000e-04 |
|      79 |        4410 |       04:25:17 |      100.00% |       91.18% |       0.0005 |       0.3012 |      1.0000e-04 |
|      80 |        4440 |       04:27:04 |      100.00% |       88.24% |       0.0143 |       0.2210 |      1.0000e-04 |
|      80 |        4450 |       04:27:39 |      100.00% |              |       0.0019 |              |      1.0000e-04 |
|      80 |        4470 |       04:28:53 |      100.00% |       91.18% |       0.0031 |       0.2733 |      1.0000e-04 |
|      81 |        4500 |       04:30:42 |      100.00% |       94.12% |       0.0003 |       0.1136 |      1.0000e-04 |
|      81 |        4530 |       04:32:31 |      100.00% |       89.71% |       0.0010 |       0.2048 |      1.0000e-04 |
|      82 |        4550 |       04:33:46 |      100.00% |              |       0.0037 |              |      1.0000e-04 |
|      82 |        4560 |       04:34:26 |      100.00% |       94.12% |       0.0003 |       0.2131 |      1.0000e-04 |
|      82 |        4590 |       04:36:20 |      100.00% |       94.12% |       0.0055 |       0.2086 |      1.0000e-04 |
|      83 |        4600 |       04:36:55 |      100.00% |              |       0.0007 |              |      1.0000e-04 |
|      83 |        4620 |       04:38:09 |      100.00% |       94.12% |   2.2197e-05 |       0.2007 |      1.0000e-04 |
|      84 |        4650 |       04:39:57 |      100.00% |       94.12% |       0.0008 |       0.2021 |      1.0000e-04 |
|      84 |        4680 |       04:41:47 |      100.00% |       94.12% |   6.7575e-05 |       0.2028 |      1.0000e-04 |
|      84 |        4700 |       04:42:56 |      100.00% |              |   7.8375e-05 |              |      1.0000e-04 |
|      85 |        4710 |       04:43:34 |      100.00% |       94.12% |       0.0010 |       0.2037 |      1.0000e-04 |
|      85 |        4740 |       04:45:21 |      100.00% |       94.12% |   8.8639e-05 |       0.2044 |      1.0000e-04 |
|      85 |        4750 |       04:45:56 |      100.00% |              |       0.0001 |              |      1.0000e-04 |
|      86 |        4770 |       04:47:09 |      100.00% |       94.12% |   4.6550e-05 |       0.2054 |      1.0000e-04 |
|      86 |        4800 |       04:48:57 |      100.00% |       94.12% |       0.0004 |       0.2053 |      1.0000e-04 |
|      87 |        4830 |       04:50:46 |      100.00% |       95.59% |   4.0361e-05 |       0.2066 |      1.0000e-04 |
|      87 |        4850 |       04:51:56 |      100.00% |              |       0.0003 |              |      1.0000e-04 |
|      87 |        4860 |       04:52:34 |      100.00% |       94.12% |   3.3949e-05 |       0.2064 |      1.0000e-04 |
|      88 |        4890 |       04:54:26 |      100.00% |       95.59% |   9.2652e-05 |       0.2075 |      1.0000e-04 |
|      88 |        4900 |       04:55:03 |      100.00% |              |   8.0348e-06 |              |      1.0000e-04 |
|      88 |        4920 |       04:56:18 |      100.00% |       94.12% |       0.0004 |       0.2074 |      1.0000e-04 |
|      89 |        4950 |       04:58:09 |      100.00% |       95.59% |   7.3185e-05 |       0.2082 |      1.0000e-04 |
|      89 |        4980 |       05:00:00 |      100.00% |       94.12% |   2.2210e-05 |       0.2079 |      1.0000e-04 |
|      90 |        5000 |       05:01:11 |      100.00% |              |       0.0003 |              |      1.0000e-04 |
|      90 |        5010 |       05:01:49 |      100.00% |       95.59% |   2.6418e-05 |       0.2086 |      1.0000e-04 |
|      90 |        5040 |       05:03:36 |      100.00% |       95.59% |       0.0008 |       0.2082 |      1.0000e-04 |
|      91 |        5050 |       05:04:11 |      100.00% |              |   3.2064e-05 |              |      1.0000e-04 |
|      91 |        5070 |       05:05:24 |      100.00% |       95.59% |   2.9422e-05 |       0.2091 |      1.0000e-04 |
|      92 |        5100 |       05:07:13 |      100.00% |       95.59% |   5.3572e-05 |       0.2086 |      1.0000e-04 |
|      92 |        5130 |       05:09:07 |      100.00% |       95.59% |       0.0002 |       0.2096 |      1.0000e-04 |
|      92 |        5150 |       05:10:17 |      100.00% |              |       0.0004 |              |      1.0000e-04 |
|      93 |        5160 |       05:10:55 |      100.00% |       95.59% |       0.0002 |       0.2093 |      1.0000e-04 |
|      93 |        5190 |       05:12:44 |      100.00% |       95.59% |   5.8734e-05 |       0.2098 |      1.0000e-04 |
|      93 |        5200 |       05:13:19 |      100.00% |              |       0.0002 |              |      1.0000e-04 |
|      94 |        5220 |       05:14:33 |      100.00% |       95.59% |   3.2307e-05 |       0.2099 |      1.0000e-04 |
|      94 |        5250 |       05:16:22 |      100.00% |       95.59% |   5.9963e-06 |       0.2099 |      1.0000e-04 |
|      95 |        5280 |       05:18:10 |      100.00% |       95.59% |       0.0002 |       0.2102 |      1.0000e-04 |
|      95 |        5300 |       05:19:20 |      100.00% |              |   2.5667e-05 |              |      1.0000e-04 |
|      95 |        5310 |       05:19:59 |      100.00% |       95.59% |   5.4080e-05 |       0.2099 |      1.0000e-04 |
|      96 |        5340 |       05:21:48 |      100.00% |       95.59% |   2.1757e-05 |       0.2106 |      1.0000e-04 |
|      96 |        5350 |       05:22:23 |      100.00% |              |   2.0349e-05 |              |      1.0000e-04 |
|      96 |        5370 |       05:23:36 |      100.00% |       95.59% |   8.2031e-05 |       0.2101 |      1.0000e-04 |
|      97 |        5400 |       05:25:24 |      100.00% |       95.59% |   3.1313e-05 |       0.2108 |      1.0000e-04 |
|      97 |        5430 |       05:27:12 |      100.00% |       95.59% |       0.0003 |       0.2101 |      1.0000e-04 |
|      98 |        5450 |       05:28:23 |      100.00% |              |   3.7473e-05 |              |      1.0000e-04 |
|      98 |        5460 |       05:29:01 |      100.00% |       95.59% |   3.5882e-06 |       0.2109 |      1.0000e-04 |
|      99 |        5490 |       05:30:50 |      100.00% |       95.59% |       0.0001 |       0.2102 |      1.0000e-04 |
|      99 |        5500 |       05:31:26 |      100.00% |              |   2.2949e-05 |              |      1.0000e-04 |
|      99 |        5520 |       05:32:42 |      100.00% |       95.59% |   3.7345e-05 |       0.2111 |      1.0000e-04 |
|     100 |        5550 |       05:34:30 |      100.00% |       95.59% |       0.0003 |       0.2103 |      1.0000e-04 |
|     100 |        5580 |       05:36:18 |      100.00% |       95.59% |   1.8550e-05 |       0.2113 |      1.0000e-04 |
|     100 |        5600 |       05:37:30 |      100.00% |              |       0.0004 |              |      1.0000e-04 |
|     101 |        5610 |       05:38:08 |      100.00% |       95.59% |   2.1185e-05 |       0.2110 |      1.0000e-04 |
|     101 |        5640 |       05:39:57 |      100.00% |       95.59% |       0.0001 |       0.2112 |      1.0000e-04 |
|     101 |        5650 |       05:40:32 |      100.00% |              |   6.1291e-05 |              |      1.0000e-04 |
|     102 |        5670 |       05:41:45 |      100.00% |       95.59% |   1.1158e-05 |       0.2113 |      1.0000e-04 |
|     102 |        5700 |       05:43:32 |      100.00% |       95.59% |   9.3344e-06 |       0.2112 |      1.0000e-04 |
|     103 |        5730 |       05:45:22 |      100.00% |       95.59% |   2.8095e-05 |       0.2115 |      1.0000e-04 |
|     103 |        5750 |       05:46:32 |      100.00% |              |   3.5914e-05 |              |      1.0000e-04 |
|     103 |        5760 |       05:47:10 |      100.00% |       95.59% |       0.0001 |       0.2109 |      1.0000e-04 |
|     104 |        5790 |       05:49:03 |      100.00% |       95.59% |   2.2550e-05 |       0.2117 |      1.0000e-04 |
|     104 |        5800 |       05:49:37 |      100.00% |              |   3.3327e-05 |              |      1.0000e-04 |
|     104 |        5820 |       05:50:54 |      100.00% |       95.59% |   4.6492e-06 |       0.2107 |      1.0000e-04 |
|     105 |        5850 |       05:52:49 |      100.00% |       95.59% |   2.2103e-05 |       0.2116 |      1.0000e-04 |
|     105 |        5880 |       05:54:38 |      100.00% |       95.59% |       0.0003 |       0.2105 |      1.0000e-04 |
|     106 |        5900 |       05:55:49 |      100.00% |              |   1.5522e-05 |              |      1.0000e-04 |
|     106 |        5910 |       05:56:27 |      100.00% |       95.59% |   1.2946e-05 |       0.2116 |      1.0000e-04 |
|     107 |        5940 |       05:58:15 |      100.00% |       95.59% |   2.3640e-05 |       0.2105 |      1.0000e-04 |
|     107 |        5950 |       05:58:50 |      100.00% |              |   9.4057e-06 |              |      1.0000e-04 |
|     107 |        5970 |       06:00:03 |      100.00% |       95.59% |   7.6654e-05 |       0.2115 |      1.0000e-04 |
|     108 |        6000 |       06:01:51 |      100.00% |       95.59% |       0.0001 |       0.2108 |      1.0000e-04 |
|     108 |        6030 |       06:03:39 |      100.00% |       95.59% |   3.0400e-05 |       0.2113 |      1.0000e-04 |
|     109 |        6050 |       06:04:50 |      100.00% |              |   6.9299e-05 |              |      1.0000e-04 |
|     109 |        6060 |       06:05:28 |      100.00% |       95.59% |   1.4520e-05 |       0.2112 |      1.0000e-04 |
|     109 |        6090 |       06:07:16 |      100.00% |       95.59% |   2.4319e-06 |       0.2111 |      1.0000e-04 |
|     109 |        6100 |       06:07:52 |      100.00% |              |   3.4213e-06 |              |      1.0000e-04 |
|     110 |        6120 |       06:09:05 |      100.00% |       95.59% |       0.0001 |       0.2113 |      1.0000e-04 |
|     110 |        6150 |       06:10:54 |      100.00% |       95.59% |   2.9017e-05 |       0.2108 |      1.0000e-04 |
|     111 |        6180 |       06:12:43 |      100.00% |       95.59% |   1.3793e-05 |       0.2114 |      1.0000e-04 |
|     111 |        6200 |       06:13:53 |      100.00% |              |   9.2834e-05 |              |      1.0000e-04 |
|     111 |        6210 |       06:14:31 |      100.00% |       95.59% |   4.0224e-05 |       0.2105 |      1.0000e-04 |
|     112 |        6240 |       06:16:19 |      100.00% |       95.59% |   1.5235e-05 |       0.2114 |      1.0000e-04 |
|     112 |        6250 |       06:16:54 |      100.00% |              |   6.5803e-05 |              |      1.0000e-04 |
|     112 |        6270 |       06:18:07 |      100.00% |       95.59% |       0.0002 |       0.2102 |      1.0000e-04 |
|     113 |        6300 |       06:19:54 |      100.00% |       95.59% |   1.9789e-06 |       0.2113 |      1.0000e-04 |
|     114 |        6330 |       06:21:49 |      100.00% |       95.59% |   5.8025e-05 |       0.2100 |      1.0000e-04 |
|     114 |        6350 |       06:23:01 |      100.00% |              |   1.4365e-05 |              |      1.0000e-04 |
|     114 |        6360 |       06:23:39 |      100.00% |       95.59% |   2.6621e-05 |       0.2112 |      1.0000e-04 |
|     115 |        6390 |       06:25:28 |      100.00% |       95.59% |       0.0002 |       0.2102 |      1.0000e-04 |
|     115 |        6400 |       06:26:04 |      100.00% |              |       0.0001 |              |      1.0000e-04 |
|     115 |        6420 |       06:27:19 |      100.00% |       95.59% |   9.8826e-06 |       0.2111 |      1.0000e-04 |
|     116 |        6450 |       06:29:08 |      100.00% |       95.59% |   1.4389e-05 |       0.2108 |      1.0000e-04 |
|     116 |        6480 |       06:30:55 |      100.00% |       95.59% |   8.4284e-05 |       0.2109 |      1.0000e-04 |
|     117 |        6500 |       06:32:05 |      100.00% |              |   1.9443e-05 |              |      1.0000e-04 |
|     117 |        6510 |       06:32:43 |      100.00% |       95.59% |   7.7606e-06 |       0.2112 |      1.0000e-04 |
|     117 |        6540 |       06:34:30 |      100.00% |       95.59% |   5.3884e-06 |       0.2107 |      1.0000e-04 |
|     117 |        6550 |       06:35:05 |      100.00% |              |       0.0001 |              |      1.0000e-04 |
|     118 |        6570 |       06:36:17 |      100.00% |       95.59% |   1.5188e-05 |       0.2114 |      1.0000e-04 |
|     118 |        6600 |       06:38:04 |      100.00% |       95.59% |   7.8931e-05 |       0.2105 |      1.0000e-04 |
|     119 |        6630 |       06:39:51 |      100.00% |       95.59% |   1.2041e-05 |       0.2116 |      1.0000e-04 |
|     119 |        6650 |       06:41:02 |      100.00% |              |   1.7405e-06 |              |      1.0000e-04 |
|     119 |        6660 |       06:41:40 |      100.00% |       95.59% |   2.0504e-06 |       0.2104 |      1.0000e-04 |
|     120 |        6690 |       06:43:29 |      100.00% |       95.59% |   2.0756e-05 |       0.2116 |      1.0000e-04 |
|     120 |        6700 |       06:44:04 |      100.00% |              |   8.5951e-06 |              |      1.0000e-04 |
|     120 |        6720 |       06:45:16 |      100.00% |       95.59% |       0.0002 |       0.2103 |      1.0000e-04 |
|     121 |        6750 |       06:47:04 |      100.00% |       95.59% |   8.5593e-06 |       0.2117 |      1.0000e-04 |
|     122 |        6780 |       06:48:53 |      100.00% |       95.59% |   1.8347e-05 |       0.2104 |      1.0000e-04 |
|     122 |        6800 |       06:50:08 |      100.00% |              |   1.1099e-05 |              |      1.0000e-04 |
|     122 |        6810 |       06:50:49 |      100.00% |       95.59% |   5.2497e-05 |       0.2117 |      1.0000e-04 |
|     123 |        6840 |       06:52:43 |      100.00% |       95.59% |   6.8409e-05 |       0.2113 |      1.0000e-04 |
|     123 |        6850 |       06:53:18 |      100.00% |              |   1.2982e-05 |              |      1.0000e-04 |
|     123 |        6870 |       06:54:30 |      100.00% |       95.59% |   2.1125e-05 |       0.2118 |      1.0000e-04 |
|     124 |        6900 |       06:56:17 |      100.00% |       95.59% |   9.5607e-06 |       0.2121 |      1.0000e-04 |
|     124 |        6930 |       06:58:04 |      100.00% |       95.59% |   1.5616e-06 |       0.2119 |      1.0000e-04 |
|     125 |        6950 |       06:59:14 |      100.00% |              |       0.0001 |              |      1.0000e-04 |
|     125 |        6960 |       06:59:51 |      100.00% |       95.59% |   7.9268e-05 |       0.2126 |      1.0000e-04 |
|     125 |        6990 |       07:01:38 |      100.00% |       95.59% |   2.0111e-05 |       0.2118 |      1.0000e-04 |
|     125 |        7000 |       07:02:13 |      100.00% |              |       0.0002 |              |      1.0000e-04 |
|     126 |        7020 |       07:03:26 |      100.00% |       95.59% |   1.0145e-05 |       0.2131 |      1.0000e-04 |
|     126 |        7050 |       07:05:17 |      100.00% |       95.59% |   2.4594e-05 |       0.2118 |      1.0000e-04 |
|     127 |        7080 |       07:07:08 |      100.00% |       95.59% |   9.6204e-06 |       0.2134 |      1.0000e-04 |
|     127 |        7100 |       07:08:18 |      100.00% |              |   4.3751e-06 |              |      1.0000e-04 |
|     127 |        7110 |       07:08:58 |      100.00% |       95.59% |       0.0001 |       0.2119 |      1.0000e-04 |
|     128 |        7140 |       07:10:53 |      100.00% |       95.59% |   1.2875e-06 |       0.2137 |      1.0000e-04 |
|     128 |        7150 |       07:11:30 |      100.00% |              |   1.8800e-05 |              |      1.0000e-04 |
|     129 |        7170 |       07:12:43 |      100.00% |       95.59% |   3.8340e-05 |       0.2119 |      1.0000e-04 |
|     129 |        7200 |       07:14:31 |      100.00% |       95.59% |   1.8931e-05 |       0.2137 |      1.0000e-04 |
|     130 |        7230 |       07:16:18 |      100.00% |       95.59% |       0.0001 |       0.2124 |      1.0000e-04 |
|     130 |        7250 |       07:17:29 |      100.00% |              |   1.8705e-05 |              |      1.0000e-04 |
|     130 |        7260 |       07:18:08 |      100.00% |       95.59% |   6.6877e-06 |       0.2134 |      1.0000e-04 |
|     131 |        7290 |       07:19:55 |      100.00% |       95.59% |   9.1793e-06 |       0.2133 |      1.0000e-04 |
|     131 |        7300 |       07:20:30 |      100.00% |              |   8.9886e-06 |              |      1.0000e-04 |
|     131 |        7320 |       07:21:42 |      100.00% |       95.59% |   6.4473e-05 |       0.2133 |      1.0000e-04 |
|     132 |        7350 |       07:23:30 |      100.00% |       95.59% |   6.8665e-06 |       0.2144 |      1.0000e-04 |
|     132 |        7380 |       07:25:17 |      100.00% |       95.59% |   4.0174e-06 |       0.2134 |      1.0000e-04 |
|     133 |        7400 |       07:26:27 |      100.00% |              |   5.2915e-05 |              |      1.0000e-04 |
|     133 |        7410 |       07:27:04 |      100.00% |       95.59% |   9.3463e-06 |       0.2152 |      1.0000e-04 |
|     133 |        7440 |       07:28:52 |      100.00% |       95.59% |   4.9284e-05 |       0.2134 |      1.0000e-04 |
|     134 |        7450 |       07:29:27 |      100.00% |              |   3.3547e-05 |              |      1.0000e-04 |
|     134 |        7470 |       07:30:40 |      100.00% |       95.59% |   7.8441e-06 |       0.2158 |      1.0000e-04 |
|     134 |        7500 |       07:32:30 |      100.00% |       95.59% |   1.1444e-06 |       0.2140 |      1.0000e-04 |
|     135 |        7530 |       07:34:20 |      100.00% |       95.59% |   1.8288e-05 |       0.2168 |      1.0000e-04 |
|     135 |        7550 |       07:35:32 |      100.00% |              |   1.6034e-05 |              |      1.0000e-04 |
|     135 |        7560 |       07:36:11 |      100.00% |       95.59% |       0.0001 |       0.2145 |      1.0000e-04 |
|     136 |        7590 |       07:38:02 |      100.00% |       95.59% |   6.0439e-06 |       0.2173 |      1.0000e-04 |
|     136 |        7600 |       07:38:37 |      100.00% |              |   5.7290e-05 |              |      1.0000e-04 |
|     137 |        7620 |       07:39:50 |      100.00% |       95.59% |   1.8132e-05 |       0.2151 |      1.0000e-04 |
|     137 |        7650 |       07:41:38 |      100.00% |       95.59% |   3.8387e-05 |       0.2183 |      1.0000e-04 |
|     138 |        7680 |       07:43:25 |      100.00% |       95.59% |   4.5982e-05 |       0.2172 |      1.0000e-04 |
|     138 |        7700 |       07:44:36 |      100.00% |              |   1.0014e-06 |              |      1.0000e-04 |
|     138 |        7710 |       07:45:15 |      100.00% |       95.59% |   1.4389e-05 |       0.2189 |      1.0000e-04 |
|     139 |        7740 |       07:47:04 |      100.00% |       95.59% |   7.0573e-06 |       0.2190 |      1.0000e-04 |
|     139 |        7750 |       07:47:40 |      100.00% |              |   6.9977e-06 |              |      1.0000e-04 |
|     139 |        7770 |       07:48:53 |      100.00% |       95.59% |   1.1325e-06 |       0.2194 |      1.0000e-04 |
|     140 |        7800 |       07:50:41 |      100.00% |       95.59% |   4.6454e-05 |       0.2206 |      1.0000e-04 |
|     140 |        7830 |       07:52:28 |      100.00% |       95.59% |   1.4747e-05 |       0.2192 |      1.0000e-04 |
|     141 |        7850 |       07:53:37 |      100.00% |              |   5.7221e-06 |              |      1.0000e-04 |
|     141 |        7860 |       07:54:15 |      100.00% |       95.59% |   7.5461e-06 |       0.2232 |      1.0000e-04 |
|     141 |        7890 |       07:56:08 |      100.00% |       95.59% |   1.2577e-05 |       0.2198 |      1.0000e-04 |
|     142 |        7900 |       07:56:45 |      100.00% |              |   1.8037e-05 |              |      1.0000e-04 |
|     142 |        7920 |       07:57:58 |      100.00% |       95.59% |   6.2586e-06 |       0.2244 |      1.0000e-04 |
|     142 |        7950 |       07:59:46 |      100.00% |       95.59% |   6.9432e-05 |       0.2203 |      1.0000e-04 |
|     143 |        7980 |       08:01:41 |      100.00% |       95.59% |   8.7023e-07 |       0.2248 |      1.0000e-04 |
|     143 |        8000 |       08:02:54 |      100.00% |              |   3.5633e-05 |              |      1.0000e-04 |
|     144 |        8010 |       08:03:33 |      100.00% |       95.59% |   2.4713e-05 |       0.2214 |      1.0000e-04 |
|     144 |        8040 |       08:05:22 |      100.00% |       95.59% |   1.2195e-05 |       0.2268 |      1.0000e-04 |
|     144 |        8050 |       08:05:58 |      100.00% |              |   1.0610e-06 |              |      1.0000e-04 |
|     145 |        8070 |       08:07:15 |      100.00% |       95.59% |   7.4582e-05 |       0.2228 |      1.0000e-04 |
|     145 |        8100 |       08:09:06 |      100.00% |       95.59% |   4.6969e-06 |       0.2277 |      1.0000e-04 |
|     146 |        8130 |       08:10:53 |      100.00% |       95.59% |   4.7327e-06 |       0.2268 |      1.0000e-04 |
|     146 |        8150 |       08:12:03 |      100.00% |              |   4.8399e-06 |              |      1.0000e-04 |
|     146 |        8160 |       08:12:41 |      100.00% |       95.59% |   4.3752e-05 |       0.2294 |      1.0000e-04 |
|     147 |        8190 |       08:14:33 |      100.00% |       95.59% |   6.0201e-06 |       0.2290 |      1.0000e-04 |
|     147 |        8200 |       08:15:11 |      100.00% |              |   5.5075e-06 |              |      1.0000e-04 |
|     147 |        8220 |       08:16:28 |      100.00% |       95.59% |   3.2306e-06 |       0.2288 |      1.0000e-04 |
|     148 |        8250 |       08:18:16 |      100.00% |       95.59% |   4.9473e-06 |       0.2331 |      1.0000e-04 |
|     148 |        8280 |       08:20:04 |      100.00% |       95.59% |   2.9386e-05 |       0.2299 |      1.0000e-04 |
|     149 |        8300 |       08:21:14 |      100.00% |              |   6.0797e-06 |              |      1.0000e-04 |
|     149 |        8310 |       08:21:52 |      100.00% |       95.59% |   5.1499e-06 |       0.2357 |      1.0000e-04 |
|     149 |        8340 |       08:23:47 |      100.00% |       95.59% |   7.2718e-07 |       0.2309 |      1.0000e-04 |
|     150 |        8350 |       08:24:24 |      100.00% |              |   6.1217e-05 |              |      1.0000e-04 |
|     150 |        8370 |       08:25:40 |      100.00% |       95.59% |   1.3304e-05 |       0.2368 |      1.0000e-04 |
|     150 |        8400 |       08:27:30 |      100.00% |       95.59% |   9.1183e-05 |       0.2319 |      1.0000e-04 |
|     151 |        8430 |       08:29:18 |      100.00% |       95.59% |   4.2319e-06 |       0.2398 |      1.0000e-04 |
|     151 |        8450 |       08:30:28 |      100.00% |              |   8.0467e-06 |              |      1.0000e-04 |
|     152 |        8460 |       08:31:06 |      100.00% |       95.59% |   1.3924e-05 |       0.2347 |      1.0000e-04 |
|     152 |        8490 |       08:32:55 |      100.00% |       95.59% |   2.4379e-05 |       0.2412 |      1.0000e-04 |
|     152 |        8500 |       08:33:30 |      100.00% |              |   2.8014e-06 |              |      1.0000e-04 |
|     153 |        8520 |       08:34:44 |      100.00% |       95.59% |   2.6418e-05 |       0.2382 |      1.0000e-04 |
|     153 |        8550 |       08:36:33 |      100.00% |       95.59% |   6.8189e-06 |       0.2440 |      1.0000e-04 |
|     154 |        8580 |       08:38:22 |      100.00% |       95.59% |   5.1141e-06 |       0.2431 |      1.0000e-04 |
|     154 |        8600 |       08:39:33 |      100.00% |              |   8.8454e-06 |              |      1.0000e-04 |
|     154 |        8610 |       08:40:11 |      100.00% |       95.59% |   1.0014e-06 |       0.2440 |      1.0000e-04 |
|     155 |        8640 |       08:41:58 |      100.00% |       95.59% |   2.7717e-05 |       0.2491 |      1.0000e-04 |
|     155 |        8650 |       08:42:33 |      100.00% |              |   1.2410e-05 |              |      1.0000e-04 |
|     155 |        8670 |       08:43:45 |      100.00% |       95.59% |   1.0073e-05 |       0.2447 |      1.0000e-04 |
|     156 |        8700 |       08:45:33 |      100.00% |       95.59% |   5.0664e-06 |       0.2510 |      1.0000e-04 |
|     156 |        8730 |       08:47:20 |      100.00% |       95.59% |   5.8175e-06 |       0.2464 |      1.0000e-04 |
|     157 |        8750 |       08:48:31 |      100.00% |              |   4.5419e-06 |              |      1.0000e-04 |
|     157 |        8760 |       08:49:09 |      100.00% |       95.59% |   3.7551e-06 |       0.2545 |      1.0000e-04 |
|     157 |        8790 |       08:50:56 |      100.00% |       95.59% |   4.8830e-05 |       0.2480 |      1.0000e-04 |
|     158 |        8800 |       08:51:31 |      100.00% |              |   2.1113e-05 |              |      1.0000e-04 |
|     158 |        8820 |       08:52:43 |      100.00% |       94.12% |   5.4836e-07 |       0.2573 |      1.0000e-04 |
|     159 |        8850 |       08:54:30 |      100.00% |       95.59% |   1.1599e-05 |       0.2499 |      1.0000e-04 |
|     159 |        8880 |       08:56:17 |      100.00% |       95.59% |   7.2599e-06 |       0.2594 |      1.0000e-04 |
|     159 |        8900 |       08:57:27 |      100.00% |              |   4.7684e-07 |              |      1.0000e-04 |
|     160 |        8910 |       08:58:05 |      100.00% |       95.59% |   4.3572e-05 |       0.2539 |      1.0000e-04 |
|     160 |        8940 |       08:59:52 |      100.00% |       94.12% |   3.3498e-06 |       0.2636 |      1.0000e-04 |
|     160 |        8950 |       09:00:28 |      100.00% |              |   8.5116e-06 |              |      1.0000e-04 |
|     161 |        8970 |       09:01:43 |      100.00% |       95.59% |   2.1458e-06 |       0.2598 |      1.0000e-04 |
|     161 |        9000 |       09:03:31 |      100.00% |       95.59% |   2.3664e-05 |       0.2644 |      1.0000e-04 |
|     162 |        9030 |       09:05:18 |      100.00% |       95.59% |   3.7670e-06 |       0.2675 |      1.0000e-04 |
|     162 |        9050 |       09:06:27 |      100.00% |              |   1.9229e-05 |              |      1.0000e-04 |
|     162 |        9060 |       09:07:05 |      100.00% |       95.59% |   1.9312e-06 |       0.2677 |      1.0000e-04 |
|     163 |        9090 |       09:08:52 |      100.00% |       95.59% |   1.3709e-06 |       0.2698 |      1.0000e-04 |
|     163 |        9100 |       09:09:27 |      100.00% |              |   4.4107e-07 |              |      1.0000e-04 |
|     163 |        9120 |       09:10:40 |      100.00% |       95.59% |   1.9503e-05 |       0.2654 |      1.0000e-04 |
|     164 |        9150 |       09:12:29 |      100.00% |       95.59% |   3.3736e-06 |       0.2752 |      1.0000e-04 |
|     164 |        9180 |       09:14:25 |      100.00% |       95.59% |   4.1723e-07 |       0.2678 |      1.0000e-04 |
|     165 |        9200 |       09:15:36 |      100.00% |              |   1.6833e-05 |              |      1.0000e-04 |
|     165 |        9210 |       09:16:14 |      100.00% |       95.59% |   9.0720e-06 |       0.2762 |      1.0000e-04 |
|     165 |        9240 |       09:18:02 |      100.00% |       95.59% |   5.3861e-05 |       0.2681 |      1.0000e-04 |
|     166 |        9250 |       09:18:37 |      100.00% |              |   1.7405e-06 |              |      1.0000e-04 |
|     166 |        9270 |       09:19:50 |      100.00% |       94.12% |   2.9922e-06 |       0.2834 |      1.0000e-04 |
|     167 |        9300 |       09:21:38 |      100.00% |       97.06% |   9.7038e-06 |       0.2733 |      1.0000e-04 |
|     167 |        9330 |       09:23:25 |      100.00% |       94.12% |   1.4961e-05 |       0.2829 |      1.0000e-04 |
|     167 |        9350 |       09:24:35 |      100.00% |              |   3.6932e-05 |              |      1.0000e-04 |
|     168 |        9360 |       09:25:13 |      100.00% |       97.06% |   1.2183e-05 |       0.2802 |      1.0000e-04 |
|     168 |        9390 |       09:27:02 |      100.00% |       97.06% |   2.5153e-06 |       0.2900 |      1.0000e-04 |
|     168 |        9400 |       09:27:37 |      100.00% |              |   1.7643e-05 |              |      1.0000e-04 |
|     169 |        9420 |       09:28:51 |      100.00% |       97.06% |   2.3604e-06 |       0.2864 |      1.0000e-04 |
|     169 |        9450 |       09:30:39 |      100.00% |       97.06% |   1.1683e-06 |       0.2925 |      1.0000e-04 |
|     170 |        9480 |       09:32:25 |      100.00% |       97.06% |   1.3209e-05 |       0.2919 |      1.0000e-04 |
|     170 |        9500 |       09:33:36 |      100.00% |              |   2.7418e-06 |              |      1.0000e-04 |
|     170 |        9510 |       09:34:14 |      100.00% |       97.06% |   5.9367e-06 |       0.2952 |      1.0000e-04 |
|     171 |        9540 |       09:36:02 |      100.00% |       97.06% |   3.1471e-06 |       0.2952 |      1.0000e-04 |
|     171 |        9550 |       09:36:37 |      100.00% |              |   2.5988e-06 |              |      1.0000e-04 |
|     171 |        9570 |       09:37:52 |      100.00% |       97.06% |   2.0266e-06 |       0.2913 |      1.0000e-04 |
|     172 |        9600 |       09:39:41 |      100.00% |       97.06% |   2.4557e-06 |       0.2924 |      1.0000e-04 |
|     172 |        9630 |       09:41:30 |      100.00% |       97.06% |   3.3451e-05 |       0.2887 |      1.0000e-04 |
|     173 |        9650 |       09:42:41 |      100.00% |              |   6.5565e-07 |              |      1.0000e-04 |
|     173 |        9660 |       09:43:19 |      100.00% |       97.06% |   3.9339e-07 |       0.2903 |      1.0000e-04 |
|     174 |        9690 |       09:45:08 |      100.00% |       97.06% |   4.1962e-06 |       0.2860 |      1.0000e-04 |
|     174 |        9700 |       09:45:44 |      100.00% |              |   1.5378e-06 |              |      1.0000e-04 |
|     174 |        9720 |       09:46:59 |      100.00% |       95.59% |   4.8042e-06 |       0.2935 |      1.0000e-04 |
|     175 |        9750 |       09:48:50 |      100.00% |       97.06% |   2.4677e-05 |       0.2862 |      1.0000e-04 |
|     175 |        9780 |       09:50:40 |      100.00% |       97.06% |   1.8835e-06 |       0.2945 |      1.0000e-04 |
|     175 |        9800 |       09:51:54 |      100.00% |              |   3.2664e-05 |              |      1.0000e-04 |
|     176 |        9810 |       09:52:34 |      100.00% |       97.06% |   1.1444e-06 |       0.2868 |      1.0000e-04 |
|     176 |        9840 |       09:54:25 |      100.00% |       97.06% |   1.1206e-05 |       0.2919 |      1.0000e-04 |
|     176 |        9850 |       09:55:00 |      100.00% |              |   1.6451e-06 |              |      1.0000e-04 |
|     177 |        9870 |       09:56:14 |      100.00% |       97.06% |   2.4080e-06 |       0.2936 |      1.0000e-04 |
|     177 |        9900 |       09:58:06 |      100.00% |       97.06% |   1.2517e-06 |       0.2942 |      1.0000e-04 |
|     178 |        9930 |       09:59:54 |      100.00% |       95.59% |   6.6757e-07 |       0.2941 |      1.0000e-04 |
|     178 |        9950 |       10:01:05 |      100.00% |              |   2.3604e-06 |              |      1.0000e-04 |
|     178 |        9960 |       10:01:43 |      100.00% |       97.06% |   1.5044e-05 |       0.2923 |      1.0000e-04 |
|     179 |        9990 |       10:03:33 |      100.00% |       97.06% |   3.3260e-06 |       0.3010 |      1.0000e-04 |
|     179 |       10000 |       10:04:08 |      100.00% |              |   5.2810e-06 |              |      1.0000e-04 |
|     179 |       10020 |       10:05:20 |      100.00% |       97.06% |   2.9802e-07 |       0.2880 |      1.0000e-04 |
|     180 |       10050 |       10:07:07 |      100.00% |       95.59% |   4.4585e-06 |       0.2962 |      1.0000e-04 |
|     180 |       10080 |       10:08:56 |      100.00% |       97.06% |   3.4488e-05 |       0.2882 |      1.0000e-04 |
|     181 |       10100 |       10:10:06 |      100.00% |              |   7.7486e-07 |              |      1.0000e-04 |
|     181 |       10110 |       10:10:43 |      100.00% |       97.06% |   2.2888e-06 |       0.2799 |      1.0000e-04 |
|     182 |       10140 |       10:12:31 |      100.00% |       97.06% |   6.1751e-06 |       0.3027 |      1.0000e-04 |
|     182 |       10150 |       10:13:06 |      100.00% |              |   2.8610e-06 |              |      1.0000e-04 |
|     182 |       10170 |       10:14:20 |      100.00% |       97.06% |   7.4864e-06 |       0.2908 |      1.0000e-04 |
|     183 |       10200 |       10:16:10 |      100.00% |       97.06% |   5.2691e-06 |       0.2896 |      1.0000e-04 |
|     183 |       10230 |       10:18:01 |      100.00% |       97.06% |   1.4424e-06 |       0.2809 |      1.0000e-04 |
|     184 |       10250 |       10:19:12 |      100.00% |              |   2.9445e-06 |              |      1.0000e-04 |
|     184 |       10260 |       10:19:50 |      100.00% |       97.06% |   8.4639e-07 |       0.2845 |      1.0000e-04 |
|     184 |       10290 |       10:21:39 |      100.00% |       97.06% |   1.0371e-06 |       0.2941 |      1.0000e-04 |
|     184 |       10300 |       10:22:16 |      100.00% |              |   3.2187e-07 |              |      1.0000e-04 |
|     185 |       10320 |       10:23:31 |      100.00% |       97.06% |   8.4520e-06 |       0.2969 |      1.0000e-04 |
|     185 |       10350 |       10:25:19 |      100.00% |       97.06% |   4.7207e-06 |       0.3008 |      1.0000e-04 |
|     186 |       10380 |       10:27:08 |      100.00% |       95.59% |   8.9407e-07 |       0.2859 |      1.0000e-04 |
|     186 |       10400 |       10:28:20 |      100.00% |              |   6.8784e-06 |              |      1.0000e-04 |
|     186 |       10410 |       10:28:59 |      100.00% |       97.06% |   1.2875e-06 |       0.2877 |      1.0000e-04 |
|     187 |       10440 |       10:30:46 |      100.00% |       97.06% |   5.3644e-07 |       0.2845 |      1.0000e-04 |
|     187 |       10450 |       10:31:21 |      100.00% |              |   7.5460e-06 |              |      1.0000e-04 |
|     187 |       10470 |       10:32:34 |      100.00% |       97.06% |   2.3175e-05 |       0.2943 |      1.0000e-04 |
|     188 |       10500 |       10:34:20 |      100.00% |       97.06% |   4.4107e-07 |       0.2865 |      1.0000e-04 |
|     189 |       10530 |       10:36:09 |      100.00% |       97.06% |   2.0742e-06 |       0.3051 |      1.0000e-04 |
|     189 |       10550 |       10:37:20 |      100.00% |              |   2.2769e-06 |              |      1.0000e-04 |
|     189 |       10560 |       10:37:58 |      100.00% |       95.59% |   4.7922e-06 |       0.2733 |      1.0000e-04 |
|     190 |       10590 |       10:39:46 |      100.00% |       97.06% |   2.1923e-05 |       0.2915 |      1.0000e-04 |
|     190 |       10600 |       10:40:22 |      100.00% |              |   1.8013e-05 |              |      1.0000e-04 |
|     190 |       10620 |       10:41:37 |      100.00% |       97.06% |   6.7949e-07 |       0.2551 |      1.0000e-04 |
|     191 |       10650 |       10:43:26 |      100.00% |       94.12% |   3.3379e-07 |       0.2888 |      1.0000e-04 |
|     191 |       10680 |       10:45:17 |      100.00% |       97.06% |   7.2480e-06 |       0.2913 |      1.0000e-04 |
|     192 |       10700 |       10:46:29 |      100.00% |              |   1.5736e-06 |              |      1.0000e-04 |
|     192 |       10710 |       10:47:09 |      100.00% |       98.53% |   7.9870e-07 |       0.2526 |      1.0000e-04 |
|     192 |       10740 |       10:48:58 |      100.00% |       97.06% |   9.1791e-07 |       0.2732 |      1.0000e-04 |
|     192 |       10750 |       10:49:34 |      100.00% |              |   1.1802e-05 |              |      1.0000e-04 |
|     193 |       10770 |       10:50:49 |      100.00% |       94.12% |   2.7895e-06 |       0.3840 |      1.0000e-04 |
|     193 |       10800 |       10:52:37 |      100.00% |       97.06% |   1.1742e-05 |       0.2828 |      1.0000e-04 |
|     194 |       10830 |       10:54:26 |      100.00% |       92.65% |   3.1471e-06 |       0.3594 |      1.0000e-04 |
|     194 |       10850 |       10:55:36 |       90.00% |              |       0.1886 |              |      1.0000e-04 |
|     194 |       10860 |       10:56:13 |      100.00% |       79.41% |       0.3294 |       0.4207 |      1.0000e-04 |
|     195 |       10890 |       10:58:00 |       90.00% |       83.82% |       0.3395 |       0.4239 |      1.0000e-04 |
|     195 |       10900 |       10:58:35 |      100.00% |              |       0.0616 |              |      1.0000e-04 |
|     195 |       10920 |       10:59:48 |       90.00% |       89.71% |       0.2037 |       0.2353 |      1.0000e-04 |
|     196 |       10950 |       11:01:34 |      100.00% |       88.24% |       0.0448 |       0.4015 |      1.0000e-04 |
|     197 |       10980 |       11:03:23 |      100.00% |       92.65% |       0.0034 |       0.2226 |      1.0000e-04 |
|     197 |       11000 |       11:04:33 |      100.00% |              |       0.0018 |              |      1.0000e-04 |
|     197 |       11010 |       11:05:11 |      100.00% |       85.29% |       0.0010 |       0.3273 |      1.0000e-04 |
|     198 |       11040 |       11:06:58 |      100.00% |       89.71% |       0.0044 |       0.3211 |      1.0000e-04 |
|     198 |       11050 |       11:07:33 |      100.00% |              |       0.0005 |              |      1.0000e-04 |
|     198 |       11070 |       11:08:46 |      100.00% |       89.71% |       0.0009 |       0.2773 |      1.0000e-04 |
|     199 |       11100 |       11:10:34 |      100.00% |       89.71% |       0.0009 |       0.3309 |      1.0000e-04 |
|     199 |       11130 |       11:12:21 |      100.00% |       91.18% |   9.7966e-05 |       0.3055 |      1.0000e-04 |
|     200 |       11150 |       11:13:31 |      100.00% |              |       0.0022 |              |      1.0000e-04 |
|     200 |       11160 |       11:14:08 |      100.00% |       91.18% |       0.0007 |       0.3053 |      1.0000e-04 |
|     200 |       11190 |       11:15:57 |      100.00% |       91.18% |       0.0005 |       0.2981 |      1.0000e-04 |
|     200 |       11200 |       11:16:35 |      100.00% |       91.18% |       0.0014 |       0.2987 |      1.0000e-04 |
|======================================================================================================================|

accuracy =

    0.9714

